populations v2.5, executed 2023-03-15 15:47:36 (zlib-1.2.11)
populations -P /home/labvilla/amsip1/Dennis_Clonality_Chapter_II/4_alignment/gstacks_reference_t125_all_235_samples/ -M /home/labvilla/amsip1/Dennis_Clonality_Chapter_II/2_info/3_popmaps/popmap_population_scale_CD.txt --max-obs-het 0 -r 80 --min-maf 0.05 --vcf -fstats --fst-correction --bootstrap-fst --bootstrap-pifis --bootstrap-phist -O /home/labvilla/amsip1/Dennis_Clonality_Chapter_II/6_populations/population_scale_even_CD_habitat/
Locus/sample distributions will be written to '/home/labvilla/amsip1/Dennis_Clonality_Chapter_II/6_populations/population_scale_even_CD_habitat/populations.log.distribs'.
populations parameters selected:
  Percent samples limit per population: 0.8
  Locus Population limit: 1
  Percent samples overall: 0
  Minor allele frequency cutoff: 0.05
  Maximum observed heterozygosity cutoff: 0
  Applying Fst correction: P-value correction.
  Pi/Fis kernel smoothing: off
  Fstats kernel smoothing: off
  Bootstrap resampling: off

Parsing population map...
The population map contained 46 samples, 2 population(s), 1 group(s).
Working on 46 samples.
Working on 2 population(s):
    Forest tundra: JC2788_369-A1, JC2790_371-A1, JC2792_378-A1, JC2793_379-A1, JC2794_380-A1, JC2795_382-A1, JC2796_383-A1, JC2798_386-A1, JC2799_387-A1, 
                   JC2801_389-A1, JC2861_378_E1, JC2875_385_E1, JC2932_369-E1, JC2939_382-E1, JC2940_383-E1, JC2944_388-E1, JC2955_369-A5, JC2956_371-A5, 
                   JC2959_379-A5, JC2960_380-A5, JC2961_382-A5, JC3086_386-A5, JC3088_388-A5
    Shrub tundra: JC2802_398-A1, JC2804_401-A1, JC2807_408-A1, JC2906_402-A5, JC2911_408-A5, JC2917_412-A5, JC2927_412-A1, JC2928_415-A1, JC2929_415-E1, 
                  JC2930_416-A1, JC2947_399-E1, JC2948_401-E1, JC2949_402-E1, JC2950_407-E1, JC2952_412-E1, JC2953_416-E1, JC2954_417-E1, JC3085_408-E1, 
                  JC3091_399-A5, JC3210_401-A5, JC3214_411-A5, JC3301_398-E1, JC3303_416-A5
Working on 1 group(s) of populations:
    defaultgrp: Forest tundra, Shrub tundra

SNPs and calls will be written in VCF format to '/home/labvilla/amsip1/Dennis_Clonality_Chapter_II/6_populations/population_scale_even_CD_habitat/populations.snps.vcf'
Haplotypes will be written in VCF format to '/home/labvilla/amsip1/Dennis_Clonality_Chapter_II/6_populations/population_scale_even_CD_habitat/populations.haps.vcf'
Raw haplotypes will be written to '/home/labvilla/amsip1/Dennis_Clonality_Chapter_II/6_populations/population_scale_even_CD_habitat/populations.haplotypes.tsv'
Population-level summary statistics will be written to '/home/labvilla/amsip1/Dennis_Clonality_Chapter_II/6_populations/population_scale_even_CD_habitat/populations.sumstats.tsv'
Population-level haplotype summary statistics will be written to '/home/labvilla/amsip1/Dennis_Clonality_Chapter_II/6_populations/population_scale_even_CD_habitat/populations.hapstats.tsv'

Processing data in batches:
  * load a batch of catalog loci and apply filters
  * compute SNP- and haplotype-wise per-population statistics
  * write the above statistics in the output files
  * export the genotypes/haplotypes in specified format(s)
More details in '/home/labvilla/amsip1/Dennis_Clonality_Chapter_II/6_populations/population_scale_even_CD_habitat/populations.log.distribs'.
Now processing...
scaffold-ABCD-2000494-Niphotrichum_elongatum 
scaffold-ABCD-2001220-Niphotrichum_elongatum 
scaffold-ABCD-2002298-Niphotrichum_elongatum 
scaffold-ABCD-2002556-Niphotrichum_elongatum 
scaffold-ABCD-2002814-Niphotrichum_elongatum 
scaffold-ABCD-2003136-Niphotrichum_elongatum 
scaffold-ABCD-2003312-Niphotrichum_elongatum 
scaffold-ABCD-2003458-Niphotrichum_elongatum 
scaffold-ABCD-2003780-Niphotrichum_elongatum 
scaffold-ABCD-2004081-Niphotrichum_elongatum 
scaffold-ABCD-2004490-Niphotrichum_elongatum 
scaffold-ABCD-2004606-Niphotrichum_elongatum 
scaffold-ABCD-2004794-Niphotrichum_elongatum 
scaffold-ABCD-2005227-Niphotrichum_elongatum 
scaffold-ABCD-2005368-Niphotrichum_elongatum 
scaffold-ABCD-2005942-Niphotrichum_elongatum 
scaffold-ABCD-2006133-Niphotrichum_elongatum 
scaffold-ABCD-2006868-Niphotrichum_elongatum 
scaffold-ABCD-2006940-Niphotrichum_elongatum 
scaffold-ABCD-2007386-Niphotrichum_elongatum 
scaffold-ABCD-2008367-Niphotrichum_elongatum 
scaffold-ABCD-2008439-Niphotrichum_elongatum 
scaffold-ABCD-2008908-Niphotrichum_elongatum 
scaffold-ABCD-2009087-Niphotrichum_elongatum 
scaffold-ABCD-2009230-Niphotrichum_elongatum 
scaffold-ABCD-2009342-Niphotrichum_elongatum 
scaffold-ABCD-2009475-Niphotrichum_elongatum 
scaffold-ABCD-2009476-Niphotrichum_elongatum 
scaffold-ABCD-2009947-Niphotrichum_elongatum 
scaffold-ABCD-2010354-Niphotrichum_elongatum 
scaffold-ABCD-2010501-Niphotrichum_elongatum 
scaffold-ABCD-2010564-Niphotrichum_elongatum 
scaffold-ABCD-2010730-Niphotrichum_elongatum 
scaffold-ABCD-2010769-Niphotrichum_elongatum 
scaffold-ABCD-2010949-Niphotrichum_elongatum 
scaffold-ABCD-2011243-Niphotrichum_elongatum 
scaffold-ABCD-2011338-Niphotrichum_elongatum 
scaffold-ABCD-2011611-Niphotrichum_elongatum 
scaffold-ABCD-2011672-Niphotrichum_elongatum 
scaffold-ABCD-2011789-Niphotrichum_elongatum 
scaffold-ABCD-2011995-Niphotrichum_elongatum 
scaffold-ABCD-2027343-Niphotrichum_elongatum 
scaffold-ABCD-2030389-Niphotrichum_elongatum 
scaffold-ABCD-2034755-Niphotrichum_elongatum 
scaffold-ABCD-2036068-Niphotrichum_elongatum 
scaffold-ABCD-2039030-Niphotrichum_elongatum 
scaffold-ABCD-2043282-Niphotrichum_elongatum 
scaffold-ABCD-2046646-Niphotrichum_elongatum 
scaffold-ABCD-2047659-Niphotrichum_elongatum 
scaffold-ABCD-2052855-Niphotrichum_elongatum 
scaffold-ABCD-2054682-Niphotrichum_elongatum 
scaffold-ABCD-2057601-Niphotrichum_elongatum 
scaffold-ABCD-2059137-Niphotrichum_elongatum 
scaffold-ABCD-2059828-Niphotrichum_elongatum 
scaffold-ABCD-2062139-Niphotrichum_elongatum 
scaffold-ABCD-2065289-Niphotrichum_elongatum 
scaffold-ABCD-2065693-Niphotrichum_elongatum 
scaffold-ABCD-2066521-Niphotrichum_elongatum 
scaffold-ABCD-2067141-Niphotrichum_elongatum 
scaffold-ABCD-2067696-Niphotrichum_elongatum 
scaffold-ABCD-2067743-Niphotrichum_elongatum 
scaffold-ABCD-2067767-Niphotrichum_elongatum 
scaffold-ABCD-2068154-Niphotrichum_elongatum 
scaffold-ABCD-2069357-Niphotrichum_elongatum 
scaffold-ABCD-2069532-Niphotrichum_elongatum 
scaffold-ABCD-2070818-Niphotrichum_elongatum 
scaffold-ABCD-2071256-Niphotrichum_elongatum 
scaffold-ABCD-2071420-Niphotrichum_elongatum 
scaffold-ABCD-2071873-Niphotrichum_elongatum 
scaffold-ABCD-2072588-Niphotrichum_elongatum 
scaffold-ABCD-2072817-Niphotrichum_elongatum 
scaffold-ABCD-2073094-Niphotrichum_elongatum 
scaffold-ABCD-2073225-Niphotrichum_elongatum 
scaffold-ABCD-2073390-Niphotrichum_elongatum 
scaffold-ABCD-2073434-Niphotrichum_elongatum 
scaffold-ABCD-2073540-Niphotrichum_elongatum 
scaffold-ABCD-2073934-Niphotrichum_elongatum 
scaffold-ABCD-2074025-Niphotrichum_elongatum 
scaffold-ABCD-2074164-Niphotrichum_elongatum 
scaffold-ABCD-2074392-Niphotrichum_elongatum 
scaffold-ABCD-2074475-Niphotrichum_elongatum 
scaffold-ABCD-2074633-Niphotrichum_elongatum 
scaffold-ABCD-2075058-Niphotrichum_elongatum 
scaffold-ABCD-2075123-Niphotrichum_elongatum 
scaffold-ABCD-2075623-Niphotrichum_elongatum 
scaffold-ABCD-2075674-Niphotrichum_elongatum 
scaffold-ABCD-2075767-Niphotrichum_elongatum 
scaffold-ABCD-2076005-Niphotrichum_elongatum 
scaffold-ABCD-2076222-Niphotrichum_elongatum 
scaffold-ABCD-2076352-Niphotrichum_elongatum 
scaffold-ABCD-2076595-Niphotrichum_elongatum 
scaffold-ABCD-2076715-Niphotrichum_elongatum 
scaffold-ABCD-2077046-Niphotrichum_elongatum 
scaffold-ABCD-2077202-Niphotrichum_elongatum 
scaffold-ABCD-2077212-Niphotrichum_elongatum 
scaffold-ABCD-2077378-Niphotrichum_elongatum 
scaffold-ABCD-2077639-Niphotrichum_elongatum 
scaffold-ABCD-2077935-Niphotrichum_elongatum 
scaffold-ABCD-2078043-Niphotrichum_elongatum 
scaffold-ABCD-2078192-Niphotrichum_elongatum 
scaffold-ABCD-2078239-Niphotrichum_elongatum 
scaffold-ABCD-2078280-Niphotrichum_elongatum 
scaffold-ABCD-2078461-Niphotrichum_elongatum 
scaffold-ABCD-2078533-Niphotrichum_elongatum 
scaffold-RDOO-2000073-Racomitrium_varium 
scaffold-RDOO-2000256-Racomitrium_varium 
scaffold-RDOO-2000450-Racomitrium_varium 
scaffold-RDOO-2000762-Racomitrium_varium 
scaffold-RDOO-2000795-Racomitrium_varium 
scaffold-RDOO-2001051-Racomitrium_varium 
scaffold-RDOO-2001159-Racomitrium_varium 
scaffold-RDOO-2001296-Racomitrium_varium 
scaffold-RDOO-2001418-Racomitrium_varium 
scaffold-RDOO-2001479-Racomitrium_varium 
scaffold-RDOO-2001774-Racomitrium_varium 
scaffold-RDOO-2001830-Racomitrium_varium 
scaffold-RDOO-2001900-Racomitrium_varium 
scaffold-RDOO-2001978-Racomitrium_varium 
scaffold-RDOO-2002059-Racomitrium_varium 
scaffold-RDOO-2002144-Racomitrium_varium 
scaffold-RDOO-2002157-Racomitrium_varium 
scaffold-RDOO-2002339-Racomitrium_varium 
scaffold-RDOO-2002428-Racomitrium_varium 
scaffold-RDOO-2002479-Racomitrium_varium 
scaffold-RDOO-2002598-Racomitrium_varium 
scaffold-RDOO-2002730-Racomitrium_varium 
scaffold-RDOO-2002842-Racomitrium_varium 
scaffold-RDOO-2003073-Racomitrium_varium 
scaffold-RDOO-2003096-Racomitrium_varium 
scaffold-RDOO-2003107-Racomitrium_varium 
scaffold-RDOO-2003208-Racomitrium_varium 
scaffold-RDOO-2003320-Racomitrium_varium 
scaffold-RDOO-2003427-Racomitrium_varium 
scaffold-RDOO-2003637-Racomitrium_varium 
scaffold-RDOO-2003820-Racomitrium_varium 
scaffold-RDOO-2003898-Racomitrium_varium 
scaffold-RDOO-2004048-Racomitrium_varium 
scaffold-RDOO-2004116-Racomitrium_varium 
scaffold-RDOO-2004337-Racomitrium_varium 
scaffold-RDOO-2004477-Racomitrium_varium 
scaffold-RDOO-2004575-Racomitrium_varium 
scaffold-RDOO-2004730-Racomitrium_varium 
scaffold-RDOO-2004741-Racomitrium_varium 
scaffold-RDOO-2004840-Racomitrium_varium 
scaffold-RDOO-2005069-Racomitrium_varium 
scaffold-RDOO-2005079-Racomitrium_varium 
scaffold-RDOO-2005153-Racomitrium_varium 
scaffold-RDOO-2005229-Racomitrium_varium 
scaffold-RDOO-2005342-Racomitrium_varium 
scaffold-RDOO-2005398-Racomitrium_varium 
scaffold-RDOO-2005492-Racomitrium_varium 
scaffold-RDOO-2005583-Racomitrium_varium 
scaffold-RDOO-2005703-Racomitrium_varium 
scaffold-RDOO-2005760-Racomitrium_varium 
scaffold-RDOO-2005916-Racomitrium_varium 
scaffold-RDOO-2006062-Racomitrium_varium 
scaffold-RDOO-2006131-Racomitrium_varium 
scaffold-RDOO-2006270-Racomitrium_varium 
scaffold-RDOO-2006356-Racomitrium_varium 
scaffold-RDOO-2006513-Racomitrium_varium 
scaffold-RDOO-2006632-Racomitrium_varium 
scaffold-RDOO-2006663-Racomitrium_varium 
scaffold-RDOO-2006886-Racomitrium_varium 
scaffold-RDOO-2006935-Racomitrium_varium 
scaffold-RDOO-2007009-Racomitrium_varium 
scaffold-RDOO-2007067-Racomitrium_varium 
scaffold-RDOO-2007189-Racomitrium_varium 
scaffold-RDOO-2007299-Racomitrium_varium 
scaffold-RDOO-2007344-Racomitrium_varium 
scaffold-RDOO-2007443-Racomitrium_varium 
scaffold-RDOO-2007601-Racomitrium_varium 
scaffold-RDOO-2007826-Racomitrium_varium 
scaffold-RDOO-2007926-Racomitrium_varium 
scaffold-RDOO-2008050-Racomitrium_varium 
scaffold-RDOO-2008170-Racomitrium_varium 
scaffold-RDOO-2008349-Racomitrium_varium 
scaffold-RDOO-2008625-Racomitrium_varium 
scaffold-RDOO-2008708-Racomitrium_varium 
scaffold-RDOO-2008783-Racomitrium_varium 
scaffold-RDOO-2008869-Racomitrium_varium 
scaffold-RDOO-2008913-Racomitrium_varium 
scaffold-RDOO-2009182-Racomitrium_varium 
scaffold-RDOO-2009261-Racomitrium_varium 
scaffold-RDOO-2009501-Racomitrium_varium 
scaffold-RDOO-2009696-Racomitrium_varium 
scaffold-RDOO-2009771-Racomitrium_varium 
scaffold-RDOO-2009958-Racomitrium_varium 
scaffold-RDOO-2010013-Racomitrium_varium 
scaffold-RDOO-2010089-Racomitrium_varium 
scaffold-RDOO-2010414-Racomitrium_varium 
scaffold-RDOO-2010566-Racomitrium_varium 
scaffold-RDOO-2010685-Racomitrium_varium 
scaffold-RDOO-2010772-Racomitrium_varium 
scaffold-RDOO-2010909-Racomitrium_varium 
scaffold-RDOO-2010917-Racomitrium_varium 
scaffold-RDOO-2010931-Racomitrium_varium 
scaffold-RDOO-2010957-Racomitrium_varium 
scaffold-RDOO-2011071-Racomitrium_varium 
scaffold-RDOO-2011175-Racomitrium_varium 
scaffold-RDOO-2011210-Racomitrium_varium 
scaffold-RDOO-2011234-Racomitrium_varium 
scaffold-RDOO-2011302-Racomitrium_varium 
scaffold-RDOO-2011369-Racomitrium_varium 
scaffold-RDOO-2011396-Racomitrium_varium 
scaffold-RDOO-2011415-Racomitrium_varium 
scaffold-RDOO-2011460-Racomitrium_varium 
scaffold-RDOO-2011480-Racomitrium_varium 
scaffold-RDOO-2011521-Racomitrium_varium 
scaffold-RDOO-2011677-Racomitrium_varium 
scaffold-RDOO-2011864-Racomitrium_varium 
scaffold-RDOO-2011910-Racomitrium_varium 
scaffold-RDOO-2012066-Racomitrium_varium 
scaffold-RDOO-2012081-Racomitrium_varium 
scaffold-RDOO-2012146-Racomitrium_varium 
scaffold-RDOO-2012165-Racomitrium_varium 
scaffold-RDOO-2012307-Racomitrium_varium 
scaffold-RDOO-2012481-Racomitrium_varium 
scaffold-RDOO-2012687-Racomitrium_varium 
scaffold-RDOO-2012749-Racomitrium_varium 
scaffold-RDOO-2012820-Racomitrium_varium 
scaffold-RDOO-2012959-Racomitrium_varium 
scaffold-RDOO-2013047-Racomitrium_varium 
scaffold-RDOO-2013208-Racomitrium_varium 
scaffold-RDOO-2013218-Racomitrium_varium 
scaffold-RDOO-2013289-Racomitrium_varium 
scaffold-RDOO-2013312-Racomitrium_varium 
scaffold-RDOO-2013346-Racomitrium_varium 
scaffold-RDOO-2013393-Racomitrium_varium 
scaffold-RDOO-2013566-Racomitrium_varium 
scaffold-RDOO-2013626-Racomitrium_varium 
scaffold-RDOO-2013658-Racomitrium_varium 
scaffold-RDOO-2013738-Racomitrium_varium 
scaffold-RDOO-2013793-Racomitrium_varium 
scaffold-RDOO-2013865-Racomitrium_varium 
scaffold-RDOO-2013923-Racomitrium_varium 
scaffold-RDOO-2013966-Racomitrium_varium 
scaffold-RDOO-2014076-Racomitrium_varium 
scaffold-RDOO-2014138-Racomitrium_varium 
scaffold-RDOO-2014182-Racomitrium_varium 
scaffold-RDOO-2014197-Racomitrium_varium 
scaffold-RDOO-2014246-Racomitrium_varium 
scaffold-RDOO-2014267-Racomitrium_varium 
scaffold-RDOO-2014271-Racomitrium_varium 
scaffold-RDOO-2014291-Racomitrium_varium 
scaffold-RDOO-2014323-Racomitrium_varium 
scaffold-RDOO-2014386-Racomitrium_varium 
scaffold-RDOO-2014440-Racomitrium_varium 
scaffold-RDOO-2014567-Racomitrium_varium 
scaffold-RDOO-2014764-Racomitrium_varium 
scaffold-RDOO-2014852-Racomitrium_varium 
scaffold-RDOO-2014942-Racomitrium_varium 
scaffold-RDOO-2015008-Racomitrium_varium 
scaffold-RDOO-2015111-Racomitrium_varium 
scaffold-RDOO-2015170-Racomitrium_varium 
scaffold-RDOO-2015244-Racomitrium_varium 
scaffold-RDOO-2015286-Racomitrium_varium 
scaffold-RDOO-2015338-Racomitrium_varium 
scaffold-RDOO-2015365-Racomitrium_varium 
scaffold-RDOO-2015416-Racomitrium_varium 
scaffold-RDOO-2015423-Racomitrium_varium 
scaffold-RDOO-2015500-Racomitrium_varium 
scaffold-RDOO-2015584-Racomitrium_varium 
scaffold-RDOO-2015591-Racomitrium_varium 
scaffold-RDOO-2015701-Racomitrium_varium 
scaffold-RDOO-2015885-Racomitrium_varium 
scaffold-RDOO-2015934-Racomitrium_varium 
scaffold-RDOO-2016028-Racomitrium_varium 
scaffold-RDOO-2016134-Racomitrium_varium 
scaffold-RDOO-2016170-Racomitrium_varium 
scaffold-RDOO-2016185-Racomitrium_varium 
scaffold-RDOO-2016222-Racomitrium_varium 
scaffold-RDOO-2016286-Racomitrium_varium 
scaffold-RDOO-2016315-Racomitrium_varium 
scaffold-RDOO-2016348-Racomitrium_varium 
scaffold-RDOO-2016365-Racomitrium_varium 
scaffold-RDOO-2016411-Racomitrium_varium 
scaffold-RDOO-2016534-Racomitrium_varium 
scaffold-RDOO-2016568-Racomitrium_varium 
scaffold-RDOO-2016603-Racomitrium_varium 
scaffold-RDOO-2016635-Racomitrium_varium 
scaffold-RDOO-2016727-Racomitrium_varium 
scaffold-RDOO-2016790-Racomitrium_varium 
scaffold-RDOO-2016850-Racomitrium_varium 
scaffold-RDOO-2016895-Racomitrium_varium 
scaffold-RDOO-2016936-Racomitrium_varium 
scaffold-RDOO-2017043-Racomitrium_varium 
scaffold-RDOO-2017084-Racomitrium_varium 
scaffold-RDOO-2017124-Racomitrium_varium 
scaffold-RDOO-2017176-Racomitrium_varium 
scaffold-RDOO-2017277-Racomitrium_varium 
scaffold-RDOO-2017307-Racomitrium_varium 
scaffold-RDOO-2017391-Racomitrium_varium 
scaffold-RDOO-2017420-Racomitrium_varium 
scaffold-RDOO-2017503-Racomitrium_varium 
scaffold-RDOO-2017557-Racomitrium_varium 
scaffold-RDOO-2017622-Racomitrium_varium 
scaffold-RDOO-2017708-Racomitrium_varium 
scaffold-RDOO-2017735-Racomitrium_varium 
scaffold-RDOO-2017818-Racomitrium_varium 
scaffold-RDOO-2017852-Racomitrium_varium 
scaffold-RDOO-2017872-Racomitrium_varium 
scaffold-RDOO-2017908-Racomitrium_varium 
scaffold-RDOO-2018039-Racomitrium_varium 
scaffold-RDOO-2018085-Racomitrium_varium 
scaffold-RDOO-2018094-Racomitrium_varium 
scaffold-RDOO-2018111-Racomitrium_varium 
scaffold-RDOO-2018194-Racomitrium_varium 
scaffold-RDOO-2018224-Racomitrium_varium 
scaffold-RDOO-2018285-Racomitrium_varium 
scaffold-RDOO-2018318-Racomitrium_varium 
scaffold-RDOO-2018335-Racomitrium_varium 
scaffold-RDOO-2018376-Racomitrium_varium 
scaffold-RDOO-2018396-Racomitrium_varium 
scaffold-RDOO-2018441-Racomitrium_varium 
scaffold-RDOO-2018488-Racomitrium_varium 
scaffold-RDOO-2018564-Racomitrium_varium 
scaffold-RDOO-2018571-Racomitrium_varium 
scaffold-RDOO-2018617-Racomitrium_varium 
scaffold-RDOO-2018645-Racomitrium_varium 
scaffold-RDOO-2018672-Racomitrium_varium 
scaffold-RDOO-2018749-Racomitrium_varium 
scaffold-RDOO-2018808-Racomitrium_varium 
scaffold-RDOO-2018942-Racomitrium_varium 
scaffold-RDOO-2018955-Racomitrium_varium 
scaffold-RDOO-2019031-Racomitrium_varium 
scaffold-RDOO-2019085-Racomitrium_varium 
scaffold-RDOO-2019116-Racomitrium_varium 
scaffold-RDOO-2019161-Racomitrium_varium 
scaffold-RDOO-2019170-Racomitrium_varium 
scaffold-RDOO-2019173-Racomitrium_varium 
scaffold-RDOO-2019231-Racomitrium_varium 
scaffold-RDOO-2019250-Racomitrium_varium 
scaffold-RDOO-2019264-Racomitrium_varium 
scaffold-RDOO-2019270-Racomitrium_varium 
scaffold-RDOO-2019326-Racomitrium_varium 
scaffold-RDOO-2019354-Racomitrium_varium 
scaffold-RDOO-2019396-Racomitrium_varium 
scaffold-RDOO-2019423-Racomitrium_varium 
scaffold-RDOO-2019490-Racomitrium_varium 
scaffold-RDOO-2019531-Racomitrium_varium 
scaffold-RDOO-2019611-Racomitrium_varium 
scaffold-RDOO-2019687-Racomitrium_varium 
scaffold-RDOO-2019694-Racomitrium_varium 
scaffold-RDOO-2019731-Racomitrium_varium 
scaffold-RDOO-2019760-Racomitrium_varium 
scaffold-RDOO-2019784-Racomitrium_varium 
scaffold-RDOO-2019797-Racomitrium_varium 
scaffold-RDOO-2019811-Racomitrium_varium 
scaffold-RDOO-2019841-Racomitrium_varium 
scaffold-RDOO-2019881-Racomitrium_varium 
scaffold-RDOO-2019938-Racomitrium_varium 
scaffold-RDOO-2019965-Racomitrium_varium 
scaffold-RDOO-2019967-Racomitrium_varium 
scaffold-RDOO-2020012-Racomitrium_varium 
scaffold-RDOO-2020027-Racomitrium_varium 
scaffold-RDOO-2020098-Racomitrium_varium 
scaffold-RDOO-2020161-Racomitrium_varium 
scaffold-RDOO-2020176-Racomitrium_varium 
scaffold-RDOO-2020199-Racomitrium_varium 
scaffold-RDOO-2020204-Racomitrium_varium 
scaffold-RDOO-2020221-Racomitrium_varium 
scaffold-RDOO-2020230-Racomitrium_varium 
scaffold-RDOO-2020329-Racomitrium_varium 
scaffold-RDOO-2020334-Racomitrium_varium 
scaffold-RDOO-2020344-Racomitrium_varium 
scaffold-RDOO-2020387-Racomitrium_varium 
scaffold-RDOO-2020392-Racomitrium_varium 
scaffold-RDOO-2020407-Racomitrium_varium 
scaffold-RDOO-2020435-Racomitrium_varium 
scaffold-RDOO-2020474-Racomitrium_varium 
scaffold-RDOO-2020485-Racomitrium_varium 
scaffold-RDOO-2020490-Racomitrium_varium 
scaffold-RDOO-2020493-Racomitrium_varium 
scaffold-RDOO-2020497-Racomitrium_varium 
scaffold-RDOO-2042588-Racomitrium_varium 
scaffold-RDOO-2048801-Racomitrium_varium 
scaffold-RDOO-2060880-Racomitrium_varium 
scaffold-RDOO-2065372-Racomitrium_varium 
scaffold-RDOO-2068326-Racomitrium_varium 
scaffold-RDOO-2069578-Racomitrium_varium 
scaffold-RDOO-2071218-Racomitrium_varium 
scaffold-RDOO-2073785-Racomitrium_varium 
scaffold-RDOO-2075534-Racomitrium_varium 
scaffold-RDOO-2077852-Racomitrium_varium 
scaffold-RDOO-2078845-Racomitrium_varium 
scaffold-RDOO-2084913-Racomitrium_varium 
scaffold-RDOO-2086471-Racomitrium_varium 
scaffold-RDOO-2089772-Racomitrium_varium 
scaffold-RDOO-2090446-Racomitrium_varium 
scaffold-RDOO-2091790-Racomitrium_varium 
scaffold-RDOO-2094570-Racomitrium_varium 
scaffold-RDOO-2094990-Racomitrium_varium 
scaffold-RDOO-2097018-Racomitrium_varium 
scaffold-RDOO-2097290-Racomitrium_varium 
scaffold-RDOO-2097918-Racomitrium_varium 
scaffold-RDOO-2098453-Racomitrium_varium 
scaffold-RDOO-2098718-Racomitrium_varium 
scaffold-RDOO-2098847-Racomitrium_varium 
scaffold-RDOO-2099556-Racomitrium_varium 
scaffold-RDOO-2099684-Racomitrium_varium 
scaffold-RDOO-2100556-Racomitrium_varium 
scaffold-RDOO-2102165-Racomitrium_varium 
scaffold-RDOO-2103003-Racomitrium_varium 
scaffold-RDOO-2103690-Racomitrium_varium 
scaffold-RDOO-2103853-Racomitrium_varium 
scaffold-RDOO-2104791-Racomitrium_varium 
scaffold-RDOO-2105374-Racomitrium_varium 
scaffold-RDOO-2105820-Racomitrium_varium 
scaffold-RDOO-2106424-Racomitrium_varium 
scaffold-RDOO-2106677-Racomitrium_varium 
scaffold-RDOO-2106920-Racomitrium_varium 
scaffold-RDOO-2107142-Racomitrium_varium 
scaffold-RDOO-2107891-Racomitrium_varium 
scaffold-RDOO-2108014-Racomitrium_varium 
scaffold-RDOO-2108175-Racomitrium_varium 
scaffold-RDOO-2108509-Racomitrium_varium 
scaffold-RDOO-2109274-Racomitrium_varium 
scaffold-RDOO-2109348-Racomitrium_varium 
scaffold-RDOO-2109533-Racomitrium_varium 
scaffold-RDOO-2109646-Racomitrium_varium 
scaffold-RDOO-2109796-Racomitrium_varium 
scaffold-RDOO-2109875-Racomitrium_varium 
scaffold-RDOO-2110177-Racomitrium_varium 
scaffold-RDOO-2110191-Racomitrium_varium 
scaffold-RDOO-2110558-Racomitrium_varium 
scaffold-RDOO-2110783-Racomitrium_varium 
scaffold-RDOO-2111065-Racomitrium_varium 
scaffold-RDOO-2111314-Racomitrium_varium 
scaffold-RDOO-2111489-Racomitrium_varium 
scaffold-RDOO-2111735-Racomitrium_varium 
scaffold-RDOO-2112057-Racomitrium_varium 
scaffold-RDOO-2112665-Racomitrium_varium 
scaffold-RDOO-2112882-Racomitrium_varium 
scaffold-RDOO-2113284-Racomitrium_varium 
scaffold-RDOO-2113396-Racomitrium_varium 
scaffold-RDOO-2113594-Racomitrium_varium 
scaffold-RDOO-2113731-Racomitrium_varium 
scaffold-RDOO-2113830-Racomitrium_varium 
scaffold-RDOO-2113908-Racomitrium_varium 
scaffold-RDOO-2114067-Racomitrium_varium 
scaffold-RDOO-2114166-Racomitrium_varium 
scaffold-RDOO-2114287-Racomitrium_varium 
scaffold-RDOO-2114312-Racomitrium_varium 
scaffold-RDOO-2114355-Racomitrium_varium 
scaffold-RDOO-2114471-Racomitrium_varium 
scaffold-RDOO-2114481-Racomitrium_varium 
scaffold-RDOO-2114556-Racomitrium_varium 
scaffold-RDOO-2114800-Racomitrium_varium 
scaffold-RDOO-2114976-Racomitrium_varium 
scaffold-RDOO-2115019-Racomitrium_varium 
scaffold-RDOO-2115394-Racomitrium_varium 
scaffold-RDOO-2115573-Racomitrium_varium 
scaffold-RDOO-2115720-Racomitrium_varium 
scaffold-RDOO-2115785-Racomitrium_varium 
scaffold-RDOO-2115851-Racomitrium_varium 
scaffold-RDOO-2115981-Racomitrium_varium 
scaffold-RDOO-2116182-Racomitrium_varium 
scaffold-RDOO-2116279-Racomitrium_varium 
scaffold-RDOO-2116424-Racomitrium_varium 
scaffold-RDOO-2116473-Racomitrium_varium 
scaffold-RDOO-2116626-Racomitrium_varium 
scaffold-RDOO-2116732-Racomitrium_varium 
scaffold-RDOO-2116792-Racomitrium_varium 
scaffold-RDOO-2116843-Racomitrium_varium 
scaffold-RDOO-2116864-Racomitrium_varium 
scaffold-RDOO-2116877-Racomitrium_varium 
scaffold-RDOO-2117007-Racomitrium_varium 
scaffold-RDOO-2117125-Racomitrium_varium 
scaffold-RDOO-2117192-Racomitrium_varium 
scaffold-RDOO-2117260-Racomitrium_varium 
scaffold-RDOO-2117459-Racomitrium_varium 
scaffold-RDOO-2117593-Racomitrium_varium 
scaffold-RDOO-2117635-Racomitrium_varium 
scaffold-RDOO-2117664-Racomitrium_varium 
scaffold-RDOO-2117704-Racomitrium_varium 
scaffold-RDOO-2117759-Racomitrium_varium 
scaffold-RDOO-2117823-Racomitrium_varium 
scaffold-RDOO-2117925-Racomitrium_varium 
scaffold-RDOO-2117970-Racomitrium_varium 
scaffold-RDOO-2118052-Racomitrium_varium 
scaffold-RDOO-2118071-Racomitrium_varium 
scaffold-RDOO-2118178-Racomitrium_varium 
scaffold-RDOO-2118219-Racomitrium_varium 
scaffold-RDOO-2118307-Racomitrium_varium 
scaffold-RDOO-2118369-Racomitrium_varium 
scaffold-RDOO-2118408-Racomitrium_varium 
scaffold-RDOO-2118428-Racomitrium_varium 
scaffold-RDOO-2118507-Racomitrium_varium 
scaffold-RDOO-2118672-Racomitrium_varium 
scaffold-RDOO-2118691-Racomitrium_varium 
scaffold-RDOO-2118741-Racomitrium_varium 
scaffold-RDOO-2118864-Racomitrium_varium 
scaffold-RDOO-2118889-Racomitrium_varium 
scaffold-RDOO-2118900-Racomitrium_varium 
scaffold-RDOO-2118964-Racomitrium_varium 
scaffold-RDOO-2118996-Racomitrium_varium 
scaffold-RDOO-2119004-Racomitrium_varium 
scaffold-RDOO-2119054-Racomitrium_varium 
scaffold-RDOO-2119071-Racomitrium_varium 
scaffold-RDOO-2119102-Racomitrium_varium 
scaffold-RDOO-2119123-Racomitrium_varium 
scaffold-RDOO-2119143-Racomitrium_varium 
scaffold-RDOO-2119170-Racomitrium_varium 
scaffold-RDOO-2119277-Racomitrium_varium 
scaffold-RDOO-2119283-Racomitrium_varium 
scaffold-RDOO-2119296-Racomitrium_varium 
scaffold-RDOO-2119357-Racomitrium_varium 
scaffold-RDOO-2119386-Racomitrium_varium 
scaffold-RDOO-2119437-Racomitrium_varium 
scaffold-RDOO-2119438-Racomitrium_varium 
scaffold-RDOO-2119492-Racomitrium_varium 
scaffold-RDOO-2119517-Racomitrium_varium 
scaffold-RDOO-2119532-Racomitrium_varium 
scaffold-RDOO-2119541-Racomitrium_varium 
scaffold-RDOO-2119558-Racomitrium_varium 
scaffold-RDOO-2119590-Racomitrium_varium 
scaffold-RDOO-2119630-Racomitrium_varium 
scaffold-RDOO-2119646-Racomitrium_varium 
scaffold-RDOO-2119656-Racomitrium_varium 
scaffold-RDOO-2119676-Racomitrium_varium 
scaffold-RDOO-2119682-Racomitrium_varium 
scaffold-RDOO-2119689-Racomitrium_varium 
scaffold-RDOO-2119739-Racomitrium_varium 
scaffold-RDOO-2119747-Racomitrium_varium 
scaffold-RDOO-2119766-Racomitrium_varium 
scaffold-RDOO-2119776-Racomitrium_varium 
scaffold-RDOO-2119781-Racomitrium_varium 
scaffold-RDOO-2119790-Racomitrium_varium 
scaffold-RDOO-2119798-Racomitrium_varium 
scaffold-RDOO-2119817-Racomitrium_varium 
scaffold-RDOO-2119820-Racomitrium_varium 
scaffold-RDOO-2119822-Racomitrium_varium 
scaffold-RDOO-2119834-Racomitrium_varium 
scaffold-RDOO-2119845-Racomitrium_varium 
scaffold-RDOO-2119851-Racomitrium_varium 
scaffold-RDOO-2119902-Racomitrium_varium 
scaffold-RDOO-2119909-Racomitrium_varium 
scaffold-RDOO-2119921-Racomitrium_varium 
scaffold-RDOO-2119932-Racomitrium_varium 
scaffold-RDOO-2119945-Racomitrium_varium 
scaffold-RDOO-2119949-Racomitrium_varium 
scaffold-RDOO-2119951-Racomitrium_varium 
scaffold-RDOO-2119958-Racomitrium_varium 
scaffold-RDOO-2119961-Racomitrium_varium 

Removed 11469 loci that did not pass sample/population constraints from 12604 loci.
Kept 1135 loci, composed of 143313 sites; 728 of those sites were filtered, 704 variant sites remained.
    134356 genomic sites, of which 8932 were covered by multiple loci (6.6%).
Mean genotyped sites per locus: 126.24bp (stderr 0.20).

Population summary statistics (more detail in populations.sumstats_summary.tsv):
  Forest tundra: 22.574 samples per locus; pi: 0.2511; all/variant/polymorphic sites: 142292/697/597; private alleles: 18
  Shrub tundra: 21.202 samples per locus; pi: 0.32582; all/variant/polymorphic sites: 122657/614/596; private alleles: 100
Populations is done.
