populations v2.5, executed 2022-06-13 15:05:03 (zlib-1.2.11)
populations -P /home/labvilla/amsip1/Dennis_Clonality_Chapter_II/5_gstacks_reference/ -M /home/labvilla/amsip1/Dennis_Clonality_Chapter_II/2_info/3_popmaps/popmap_population_scale_even.txt --max-obs-het 0 -r 80 -H --min-maf 0.05 --vcf --treemix -fstats --fst-correction --bootstrap-fst --bootstrap-pifis --bootstrap-phist --radpainter -O /home/labvilla/amsip1/Dennis_Clonality_Chapter_II/6_populations/population_scale_r80_75_samples_even/
Locus/sample distributions will be written to '/home/labvilla/amsip1/Dennis_Clonality_Chapter_II/6_populations/population_scale_r80_75_samples_even/populations.log.distribs'.
populations parameters selected:
  Percent samples limit per population: 0.8
  Locus Population limit: 1
  Percent samples overall: 0
  Minor allele frequency cutoff: 0.05
  Maximum observed heterozygosity cutoff: 0
  Applying Fst correction: P-value correction.
  Pi/Fis kernel smoothing: off
  Fstats kernel smoothing: off
  Bootstrap resampling: off

Parsing population map...
The population map contained 66 samples, 2 population(s), 1 group(s).
Working on 66 samples.
Working on 2 population(s):
    Forest_tundra: JC2788_369-A1, JC2789_370-A1, JC2790_371-A1, JC2791_375-A1, JC2792_378-A1, JC2794_380-A1, JC2796_383-A1, JC2797_385-A1, JC2798_386-A1, 
                   JC2800_388-A1, JC2801_389-A1, JC2853_370_A5, JC2859_375_A5, JC2861_378_E1, JC2875_385_E1, JC2878_386_E1, JC2932_369-E1, JC2933_370-E1, 
                   JC2934_371-E1, JC2935_375-E1, JC2938_380-E1, JC2940_383-E1, JC2944_388-E1, JC2945_389-E1, JC2955_369-A5, JC2956_371-A5, JC2958_378-A5, 
                   JC2960_380-A5, JC2962_383-A5, JC2963_385-A5, JC3086_386-A5, JC3088_388-A5, JC3089_389-A5
    Shrub_tundra: JC2802_398-A1, JC2803_399-A1, JC2804_401-A1, JC2805_402-A1, JC2806_407-A1, JC2807_408-A1, JC2906_402-A5, JC2911_408-A5, JC2917_412-A5, 
                  JC2926_411-A1, JC2927_412-A1, JC2928_415-A1, JC2929_415-E1, JC2930_416-A1, JC2931_417-A1, JC2947_399-E1, JC2948_401-E1, JC2949_402-E1, 
                  JC2950_407-E1, JC2951_411-E1, JC2952_412-E1, JC2953_416-E1, JC2954_417-E1, JC3085_408-E1, JC3090_398-A5, JC3091_399-A5, JC3210_401-A5, 
                  JC3212_407-A5, JC3214_411-A5, JC3216_415-A5, JC3218_417-A5, JC3301_398-E1, JC3303_416-A5
Working on 1 group(s) of populations:
    defaultgrp: Forest_tundra, Shrub_tundra

SNPs and calls will be written in VCF format to '/home/labvilla/amsip1/Dennis_Clonality_Chapter_II/6_populations/population_scale_r80_75_samples_even/populations.snps.vcf'
Haplotypes will be written in VCF format to '/home/labvilla/amsip1/Dennis_Clonality_Chapter_II/6_populations/population_scale_r80_75_samples_even/populations.haps.vcf'
Per-population SNP allele counts will be written to '/home/labvilla/amsip1/Dennis_Clonality_Chapter_II/6_populations/population_scale_r80_75_samples_even/populations.treemix'
Polymorphic loci in RADpainter/fineRADstructure format will be written to '/home/labvilla/amsip1/Dennis_Clonality_Chapter_II/6_populations/population_scale_r80_75_samples_even/populations.haps.radpainter'
Raw haplotypes will be written to '/home/labvilla/amsip1/Dennis_Clonality_Chapter_II/6_populations/population_scale_r80_75_samples_even/populations.haplotypes.tsv'
Population-level summary statistics will be written to '/home/labvilla/amsip1/Dennis_Clonality_Chapter_II/6_populations/population_scale_r80_75_samples_even/populations.sumstats.tsv'
Population-level haplotype summary statistics will be written to '/home/labvilla/amsip1/Dennis_Clonality_Chapter_II/6_populations/population_scale_r80_75_samples_even/populations.hapstats.tsv'

Processing data in batches:
  * load a batch of catalog loci and apply filters
  * compute SNP- and haplotype-wise per-population statistics
  * write the above statistics in the output files
  * export the genotypes/haplotypes in specified format(s)
More details in '/home/labvilla/amsip1/Dennis_Clonality_Chapter_II/6_populations/population_scale_r80_75_samples_even/populations.log.distribs'.
Now processing...
scaffold-ABCD-2000494-Niphotrichum_elongatum 
scaffold-ABCD-2001220-Niphotrichum_elongatum 
scaffold-ABCD-2001432-Niphotrichum_elongatum 
scaffold-ABCD-2002388-Niphotrichum_elongatum 
scaffold-ABCD-2002762-Niphotrichum_elongatum 
scaffold-ABCD-2003071-Niphotrichum_elongatum 
scaffold-ABCD-2003136-Niphotrichum_elongatum 
scaffold-ABCD-2003412-Niphotrichum_elongatum 
scaffold-ABCD-2003458-Niphotrichum_elongatum 
scaffold-ABCD-2004081-Niphotrichum_elongatum 
scaffold-ABCD-2004597-Niphotrichum_elongatum 
scaffold-ABCD-2004657-Niphotrichum_elongatum 
scaffold-ABCD-2004977-Niphotrichum_elongatum 
scaffold-ABCD-2005368-Niphotrichum_elongatum 
scaffold-ABCD-2005942-Niphotrichum_elongatum 
scaffold-ABCD-2006133-Niphotrichum_elongatum 
scaffold-ABCD-2006868-Niphotrichum_elongatum 
scaffold-ABCD-2006940-Niphotrichum_elongatum 
scaffold-ABCD-2007386-Niphotrichum_elongatum 
scaffold-ABCD-2008330-Niphotrichum_elongatum 
scaffold-ABCD-2008400-Niphotrichum_elongatum 
scaffold-ABCD-2008908-Niphotrichum_elongatum 
scaffold-ABCD-2009087-Niphotrichum_elongatum 
scaffold-ABCD-2009230-Niphotrichum_elongatum 
scaffold-ABCD-2009342-Niphotrichum_elongatum 
scaffold-ABCD-2009475-Niphotrichum_elongatum 
scaffold-ABCD-2009476-Niphotrichum_elongatum 
scaffold-ABCD-2009692-Niphotrichum_elongatum 
scaffold-ABCD-2010075-Niphotrichum_elongatum 
scaffold-ABCD-2010376-Niphotrichum_elongatum 
scaffold-ABCD-2010504-Niphotrichum_elongatum 
scaffold-ABCD-2010598-Niphotrichum_elongatum 
scaffold-ABCD-2010736-Niphotrichum_elongatum 
scaffold-ABCD-2010796-Niphotrichum_elongatum 
scaffold-ABCD-2011188-Niphotrichum_elongatum 
scaffold-ABCD-2011333-Niphotrichum_elongatum 
scaffold-ABCD-2011543-Niphotrichum_elongatum 
scaffold-ABCD-2011669-Niphotrichum_elongatum 
scaffold-ABCD-2011789-Niphotrichum_elongatum 
scaffold-ABCD-2012012-Niphotrichum_elongatum 
scaffold-ABCD-2027150-Niphotrichum_elongatum 
scaffold-ABCD-2029851-Niphotrichum_elongatum 
scaffold-ABCD-2031058-Niphotrichum_elongatum 
scaffold-ABCD-2035019-Niphotrichum_elongatum 
scaffold-ABCD-2036414-Niphotrichum_elongatum 
scaffold-ABCD-2039688-Niphotrichum_elongatum 
scaffold-ABCD-2044839-Niphotrichum_elongatum 
scaffold-ABCD-2047295-Niphotrichum_elongatum 
scaffold-ABCD-2048730-Niphotrichum_elongatum 
scaffold-ABCD-2053806-Niphotrichum_elongatum 
scaffold-ABCD-2055259-Niphotrichum_elongatum 
scaffold-ABCD-2058473-Niphotrichum_elongatum 
scaffold-ABCD-2059538-Niphotrichum_elongatum 
scaffold-ABCD-2059998-Niphotrichum_elongatum 
scaffold-ABCD-2063067-Niphotrichum_elongatum 
scaffold-ABCD-2065693-Niphotrichum_elongatum 
scaffold-ABCD-2066521-Niphotrichum_elongatum 
scaffold-ABCD-2066972-Niphotrichum_elongatum 
scaffold-ABCD-2067255-Niphotrichum_elongatum 
scaffold-ABCD-2067699-Niphotrichum_elongatum 
scaffold-ABCD-2067751-Niphotrichum_elongatum 
scaffold-ABCD-2067788-Niphotrichum_elongatum 
scaffold-ABCD-2067858-Niphotrichum_elongatum 
scaffold-ABCD-2068328-Niphotrichum_elongatum 
scaffold-ABCD-2069393-Niphotrichum_elongatum 
scaffold-ABCD-2069700-Niphotrichum_elongatum 
scaffold-ABCD-2070923-Niphotrichum_elongatum 
scaffold-ABCD-2071347-Niphotrichum_elongatum 
scaffold-ABCD-2071686-Niphotrichum_elongatum 
scaffold-ABCD-2072541-Niphotrichum_elongatum 
scaffold-ABCD-2072754-Niphotrichum_elongatum 
scaffold-ABCD-2072940-Niphotrichum_elongatum 
scaffold-ABCD-2073094-Niphotrichum_elongatum 
scaffold-ABCD-2073225-Niphotrichum_elongatum 
scaffold-ABCD-2073390-Niphotrichum_elongatum 
scaffold-ABCD-2073434-Niphotrichum_elongatum 
scaffold-ABCD-2073540-Niphotrichum_elongatum 
scaffold-ABCD-2073934-Niphotrichum_elongatum 
scaffold-ABCD-2074025-Niphotrichum_elongatum 
scaffold-ABCD-2074164-Niphotrichum_elongatum 
scaffold-ABCD-2074392-Niphotrichum_elongatum 
scaffold-ABCD-2074633-Niphotrichum_elongatum 
scaffold-ABCD-2075058-Niphotrichum_elongatum 
scaffold-ABCD-2075123-Niphotrichum_elongatum 
scaffold-ABCD-2075623-Niphotrichum_elongatum 
scaffold-ABCD-2075674-Niphotrichum_elongatum 
scaffold-ABCD-2075767-Niphotrichum_elongatum 
scaffold-ABCD-2076005-Niphotrichum_elongatum 
scaffold-ABCD-2076094-Niphotrichum_elongatum 
scaffold-ABCD-2076222-Niphotrichum_elongatum 
scaffold-ABCD-2076352-Niphotrichum_elongatum 
scaffold-ABCD-2076521-Niphotrichum_elongatum 
scaffold-ABCD-2076644-Niphotrichum_elongatum 
scaffold-ABCD-2076780-Niphotrichum_elongatum 
scaffold-ABCD-2077046-Niphotrichum_elongatum 
scaffold-ABCD-2077202-Niphotrichum_elongatum 
scaffold-ABCD-2077211-Niphotrichum_elongatum 
scaffold-ABCD-2077327-Niphotrichum_elongatum 
scaffold-ABCD-2077388-Niphotrichum_elongatum 
scaffold-ABCD-2077714-Niphotrichum_elongatum 
scaffold-ABCD-2077935-Niphotrichum_elongatum 
scaffold-ABCD-2078043-Niphotrichum_elongatum 
scaffold-ABCD-2078192-Niphotrichum_elongatum 
scaffold-ABCD-2078239-Niphotrichum_elongatum 
scaffold-ABCD-2078280-Niphotrichum_elongatum 
scaffold-ABCD-2078461-Niphotrichum_elongatum 
scaffold-ABCD-2078533-Niphotrichum_elongatum 
scaffold-RDOO-2000073-Racomitrium_varium 
scaffold-RDOO-2000256-Racomitrium_varium 
scaffold-RDOO-2000450-Racomitrium_varium 
scaffold-RDOO-2000762-Racomitrium_varium 
scaffold-RDOO-2000795-Racomitrium_varium 
scaffold-RDOO-2001051-Racomitrium_varium 
scaffold-RDOO-2001105-Racomitrium_varium 
scaffold-RDOO-2001187-Racomitrium_varium 
scaffold-RDOO-2001223-Racomitrium_varium 
scaffold-RDOO-2001366-Racomitrium_varium 
scaffold-RDOO-2001475-Racomitrium_varium 
scaffold-RDOO-2001497-Racomitrium_varium 
scaffold-RDOO-2001774-Racomitrium_varium 
scaffold-RDOO-2001830-Racomitrium_varium 
scaffold-RDOO-2001900-Racomitrium_varium 
scaffold-RDOO-2001975-Racomitrium_varium 
scaffold-RDOO-2001978-Racomitrium_varium 
scaffold-RDOO-2002059-Racomitrium_varium 
scaffold-RDOO-2002144-Racomitrium_varium 
scaffold-RDOO-2002157-Racomitrium_varium 
scaffold-RDOO-2002339-Racomitrium_varium 
scaffold-RDOO-2002428-Racomitrium_varium 
scaffold-RDOO-2002479-Racomitrium_varium 
scaffold-RDOO-2002606-Racomitrium_varium 
scaffold-RDOO-2002730-Racomitrium_varium 
scaffold-RDOO-2002842-Racomitrium_varium 
scaffold-RDOO-2003073-Racomitrium_varium 
scaffold-RDOO-2003096-Racomitrium_varium 
scaffold-RDOO-2003107-Racomitrium_varium 
scaffold-RDOO-2003208-Racomitrium_varium 
scaffold-RDOO-2003320-Racomitrium_varium 
scaffold-RDOO-2003595-Racomitrium_varium 
scaffold-RDOO-2003820-Racomitrium_varium 
scaffold-RDOO-2003898-Racomitrium_varium 
scaffold-RDOO-2004048-Racomitrium_varium 
scaffold-RDOO-2004116-Racomitrium_varium 
scaffold-RDOO-2004288-Racomitrium_varium 
scaffold-RDOO-2004476-Racomitrium_varium 
scaffold-RDOO-2004722-Racomitrium_varium 
scaffold-RDOO-2004795-Racomitrium_varium 
scaffold-RDOO-2004840-Racomitrium_varium 
scaffold-RDOO-2005069-Racomitrium_varium 
scaffold-RDOO-2005079-Racomitrium_varium 
scaffold-RDOO-2005153-Racomitrium_varium 
scaffold-RDOO-2005229-Racomitrium_varium 
scaffold-RDOO-2005342-Racomitrium_varium 
scaffold-RDOO-2005398-Racomitrium_varium 
scaffold-RDOO-2005482-Racomitrium_varium 
scaffold-RDOO-2005519-Racomitrium_varium 
scaffold-RDOO-2005583-Racomitrium_varium 
scaffold-RDOO-2005703-Racomitrium_varium 
scaffold-RDOO-2005732-Racomitrium_varium 
scaffold-RDOO-2005835-Racomitrium_varium 
scaffold-RDOO-2005916-Racomitrium_varium 
scaffold-RDOO-2005940-Racomitrium_varium 
scaffold-RDOO-2006062-Racomitrium_varium 
scaffold-RDOO-2006131-Racomitrium_varium 
scaffold-RDOO-2006270-Racomitrium_varium 
scaffold-RDOO-2006429-Racomitrium_varium 
scaffold-RDOO-2006511-Racomitrium_varium 
scaffold-RDOO-2006529-Racomitrium_varium 
scaffold-RDOO-2006663-Racomitrium_varium 
scaffold-RDOO-2006886-Racomitrium_varium 
scaffold-RDOO-2006935-Racomitrium_varium 
scaffold-RDOO-2007009-Racomitrium_varium 
scaffold-RDOO-2007067-Racomitrium_varium 
scaffold-RDOO-2007205-Racomitrium_varium 
scaffold-RDOO-2007335-Racomitrium_varium 
scaffold-RDOO-2007404-Racomitrium_varium 
scaffold-RDOO-2007446-Racomitrium_varium 
scaffold-RDOO-2007699-Racomitrium_varium 
scaffold-RDOO-2007826-Racomitrium_varium 
scaffold-RDOO-2007926-Racomitrium_varium 
scaffold-RDOO-2008050-Racomitrium_varium 
scaffold-RDOO-2008150-Racomitrium_varium 
scaffold-RDOO-2008223-Racomitrium_varium 
scaffold-RDOO-2008540-Racomitrium_varium 
scaffold-RDOO-2008625-Racomitrium_varium 
scaffold-RDOO-2008708-Racomitrium_varium 
scaffold-RDOO-2008783-Racomitrium_varium 
scaffold-RDOO-2008895-Racomitrium_varium 
scaffold-RDOO-2008913-Racomitrium_varium 
scaffold-RDOO-2009182-Racomitrium_varium 
scaffold-RDOO-2009261-Racomitrium_varium 
scaffold-RDOO-2009458-Racomitrium_varium 
scaffold-RDOO-2009501-Racomitrium_varium 
scaffold-RDOO-2009750-Racomitrium_varium 
scaffold-RDOO-2009786-Racomitrium_varium 
scaffold-RDOO-2009986-Racomitrium_varium 
scaffold-RDOO-2010019-Racomitrium_varium 
scaffold-RDOO-2010110-Racomitrium_varium 
scaffold-RDOO-2010277-Racomitrium_varium 
scaffold-RDOO-2010484-Racomitrium_varium 
scaffold-RDOO-2010685-Racomitrium_varium 
scaffold-RDOO-2010772-Racomitrium_varium 
scaffold-RDOO-2010909-Racomitrium_varium 
scaffold-RDOO-2010917-Racomitrium_varium 
scaffold-RDOO-2010931-Racomitrium_varium 
scaffold-RDOO-2010957-Racomitrium_varium 
scaffold-RDOO-2011131-Racomitrium_varium 
scaffold-RDOO-2011207-Racomitrium_varium 
scaffold-RDOO-2011211-Racomitrium_varium 
scaffold-RDOO-2011248-Racomitrium_varium 
scaffold-RDOO-2011358-Racomitrium_varium 
scaffold-RDOO-2011396-Racomitrium_varium 
scaffold-RDOO-2011415-Racomitrium_varium 
scaffold-RDOO-2011460-Racomitrium_varium 
scaffold-RDOO-2011480-Racomitrium_varium 
scaffold-RDOO-2011521-Racomitrium_varium 
scaffold-RDOO-2011677-Racomitrium_varium 
scaffold-RDOO-2011864-Racomitrium_varium 
scaffold-RDOO-2011910-Racomitrium_varium 
scaffold-RDOO-2012066-Racomitrium_varium 
scaffold-RDOO-2012081-Racomitrium_varium 
scaffold-RDOO-2012148-Racomitrium_varium 
scaffold-RDOO-2012182-Racomitrium_varium 
scaffold-RDOO-2012307-Racomitrium_varium 
scaffold-RDOO-2012328-Racomitrium_varium 
scaffold-RDOO-2012481-Racomitrium_varium 
scaffold-RDOO-2012676-Racomitrium_varium 
scaffold-RDOO-2012687-Racomitrium_varium 
scaffold-RDOO-2012749-Racomitrium_varium 
scaffold-RDOO-2012820-Racomitrium_varium 
scaffold-RDOO-2012959-Racomitrium_varium 
scaffold-RDOO-2013122-Racomitrium_varium 
scaffold-RDOO-2013209-Racomitrium_varium 
scaffold-RDOO-2013284-Racomitrium_varium 
scaffold-RDOO-2013312-Racomitrium_varium 
scaffold-RDOO-2013346-Racomitrium_varium 
scaffold-RDOO-2013393-Racomitrium_varium 
scaffold-RDOO-2013566-Racomitrium_varium 
scaffold-RDOO-2013626-Racomitrium_varium 
scaffold-RDOO-2013658-Racomitrium_varium 
scaffold-RDOO-2013738-Racomitrium_varium 
scaffold-RDOO-2013793-Racomitrium_varium 
scaffold-RDOO-2013865-Racomitrium_varium 
scaffold-RDOO-2013923-Racomitrium_varium 
scaffold-RDOO-2013966-Racomitrium_varium 
scaffold-RDOO-2014076-Racomitrium_varium 
scaffold-RDOO-2014138-Racomitrium_varium 
scaffold-RDOO-2014176-Racomitrium_varium 
scaffold-RDOO-2014185-Racomitrium_varium 
scaffold-RDOO-2014197-Racomitrium_varium 
scaffold-RDOO-2014246-Racomitrium_varium 
scaffold-RDOO-2014271-Racomitrium_varium 
scaffold-RDOO-2014291-Racomitrium_varium 
scaffold-RDOO-2014323-Racomitrium_varium 
scaffold-RDOO-2014386-Racomitrium_varium 
scaffold-RDOO-2014401-Racomitrium_varium 
scaffold-RDOO-2014546-Racomitrium_varium 
scaffold-RDOO-2014619-Racomitrium_varium 
scaffold-RDOO-2014804-Racomitrium_varium 
scaffold-RDOO-2014936-Racomitrium_varium 
scaffold-RDOO-2014942-Racomitrium_varium 
scaffold-RDOO-2015008-Racomitrium_varium 
scaffold-RDOO-2015083-Racomitrium_varium 
scaffold-RDOO-2015149-Racomitrium_varium 
scaffold-RDOO-2015170-Racomitrium_varium 
scaffold-RDOO-2015244-Racomitrium_varium 
scaffold-RDOO-2015286-Racomitrium_varium 
scaffold-RDOO-2015365-Racomitrium_varium 
scaffold-RDOO-2015416-Racomitrium_varium 
scaffold-RDOO-2015423-Racomitrium_varium 
scaffold-RDOO-2015500-Racomitrium_varium 
scaffold-RDOO-2015545-Racomitrium_varium 
scaffold-RDOO-2015584-Racomitrium_varium 
scaffold-RDOO-2015591-Racomitrium_varium 
scaffold-RDOO-2015701-Racomitrium_varium 
scaffold-RDOO-2015885-Racomitrium_varium 
scaffold-RDOO-2015984-Racomitrium_varium 
scaffold-RDOO-2016095-Racomitrium_varium 
scaffold-RDOO-2016160-Racomitrium_varium 
scaffold-RDOO-2016185-Racomitrium_varium 
scaffold-RDOO-2016222-Racomitrium_varium 
scaffold-RDOO-2016258-Racomitrium_varium 
scaffold-RDOO-2016281-Racomitrium_varium 
scaffold-RDOO-2016301-Racomitrium_varium 
scaffold-RDOO-2016315-Racomitrium_varium 
scaffold-RDOO-2016348-Racomitrium_varium 
scaffold-RDOO-2016365-Racomitrium_varium 
scaffold-RDOO-2016487-Racomitrium_varium 
scaffold-RDOO-2016562-Racomitrium_varium 
scaffold-RDOO-2016587-Racomitrium_varium 
scaffold-RDOO-2016616-Racomitrium_varium 
scaffold-RDOO-2016641-Racomitrium_varium 
scaffold-RDOO-2016732-Racomitrium_varium 
scaffold-RDOO-2016850-Racomitrium_varium 
scaffold-RDOO-2016895-Racomitrium_varium 
scaffold-RDOO-2016975-Racomitrium_varium 
scaffold-RDOO-2017027-Racomitrium_varium 
scaffold-RDOO-2017060-Racomitrium_varium 
scaffold-RDOO-2017118-Racomitrium_varium 
scaffold-RDOO-2017141-Racomitrium_varium 
scaffold-RDOO-2017176-Racomitrium_varium 
scaffold-RDOO-2017240-Racomitrium_varium 
scaffold-RDOO-2017278-Racomitrium_varium 
scaffold-RDOO-2017307-Racomitrium_varium 
scaffold-RDOO-2017391-Racomitrium_varium 
scaffold-RDOO-2017420-Racomitrium_varium 
scaffold-RDOO-2017503-Racomitrium_varium 
scaffold-RDOO-2017571-Racomitrium_varium 
scaffold-RDOO-2017633-Racomitrium_varium 
scaffold-RDOO-2017708-Racomitrium_varium 
scaffold-RDOO-2017735-Racomitrium_varium 
scaffold-RDOO-2017818-Racomitrium_varium 
scaffold-RDOO-2017852-Racomitrium_varium 
scaffold-RDOO-2017872-Racomitrium_varium 
scaffold-RDOO-2017908-Racomitrium_varium 
scaffold-RDOO-2018039-Racomitrium_varium 
scaffold-RDOO-2018085-Racomitrium_varium 
scaffold-RDOO-2018094-Racomitrium_varium 
scaffold-RDOO-2018111-Racomitrium_varium 
scaffold-RDOO-2018194-Racomitrium_varium 
scaffold-RDOO-2018224-Racomitrium_varium 
scaffold-RDOO-2018285-Racomitrium_varium 
scaffold-RDOO-2018318-Racomitrium_varium 
scaffold-RDOO-2018335-Racomitrium_varium 
scaffold-RDOO-2018376-Racomitrium_varium 
scaffold-RDOO-2018396-Racomitrium_varium 
scaffold-RDOO-2018441-Racomitrium_varium 
scaffold-RDOO-2018488-Racomitrium_varium 
scaffold-RDOO-2018497-Racomitrium_varium 
scaffold-RDOO-2018570-Racomitrium_varium 
scaffold-RDOO-2018573-Racomitrium_varium 
scaffold-RDOO-2018617-Racomitrium_varium 
scaffold-RDOO-2018645-Racomitrium_varium 
scaffold-RDOO-2018672-Racomitrium_varium 
scaffold-RDOO-2018709-Racomitrium_varium 
scaffold-RDOO-2018749-Racomitrium_varium 
scaffold-RDOO-2018763-Racomitrium_varium 
scaffold-RDOO-2018933-Racomitrium_varium 
scaffold-RDOO-2018942-Racomitrium_varium 
scaffold-RDOO-2018955-Racomitrium_varium 
scaffold-RDOO-2019031-Racomitrium_varium 
scaffold-RDOO-2019085-Racomitrium_varium 
scaffold-RDOO-2019116-Racomitrium_varium 
scaffold-RDOO-2019161-Racomitrium_varium 
scaffold-RDOO-2019170-Racomitrium_varium 
scaffold-RDOO-2019173-Racomitrium_varium 
scaffold-RDOO-2019231-Racomitrium_varium 
scaffold-RDOO-2019259-Racomitrium_varium 
scaffold-RDOO-2019269-Racomitrium_varium 
scaffold-RDOO-2019296-Racomitrium_varium 
scaffold-RDOO-2019326-Racomitrium_varium 
scaffold-RDOO-2019336-Racomitrium_varium 
scaffold-RDOO-2019391-Racomitrium_varium 
scaffold-RDOO-2019398-Racomitrium_varium 
scaffold-RDOO-2019442-Racomitrium_varium 
scaffold-RDOO-2019517-Racomitrium_varium 
scaffold-RDOO-2019552-Racomitrium_varium 
scaffold-RDOO-2019687-Racomitrium_varium 
scaffold-RDOO-2019694-Racomitrium_varium 
scaffold-RDOO-2019731-Racomitrium_varium 
scaffold-RDOO-2019760-Racomitrium_varium 
scaffold-RDOO-2019784-Racomitrium_varium 
scaffold-RDOO-2019797-Racomitrium_varium 
scaffold-RDOO-2019811-Racomitrium_varium 
scaffold-RDOO-2019817-Racomitrium_varium 
scaffold-RDOO-2019841-Racomitrium_varium 
scaffold-RDOO-2019881-Racomitrium_varium 
scaffold-RDOO-2019938-Racomitrium_varium 
scaffold-RDOO-2019965-Racomitrium_varium 
scaffold-RDOO-2019967-Racomitrium_varium 
scaffold-RDOO-2020012-Racomitrium_varium 
scaffold-RDOO-2020027-Racomitrium_varium 
scaffold-RDOO-2020098-Racomitrium_varium 
scaffold-RDOO-2020159-Racomitrium_varium 
scaffold-RDOO-2020175-Racomitrium_varium 
scaffold-RDOO-2020176-Racomitrium_varium 
scaffold-RDOO-2020199-Racomitrium_varium 
scaffold-RDOO-2020204-Racomitrium_varium 
scaffold-RDOO-2020221-Racomitrium_varium 
scaffold-RDOO-2020230-Racomitrium_varium 
scaffold-RDOO-2020329-Racomitrium_varium 
scaffold-RDOO-2020334-Racomitrium_varium 
scaffold-RDOO-2020344-Racomitrium_varium 
scaffold-RDOO-2020387-Racomitrium_varium 
scaffold-RDOO-2020392-Racomitrium_varium 
scaffold-RDOO-2020407-Racomitrium_varium 
scaffold-RDOO-2020435-Racomitrium_varium 
scaffold-RDOO-2020474-Racomitrium_varium 
scaffold-RDOO-2020485-Racomitrium_varium 
scaffold-RDOO-2020490-Racomitrium_varium 
scaffold-RDOO-2020493-Racomitrium_varium 
scaffold-RDOO-2020497-Racomitrium_varium 
scaffold-RDOO-2042588-Racomitrium_varium 
scaffold-RDOO-2048801-Racomitrium_varium 
scaffold-RDOO-2060880-Racomitrium_varium 
scaffold-RDOO-2065372-Racomitrium_varium 
scaffold-RDOO-2068326-Racomitrium_varium 
scaffold-RDOO-2069578-Racomitrium_varium 
scaffold-RDOO-2072263-Racomitrium_varium 
scaffold-RDOO-2073785-Racomitrium_varium 
scaffold-RDOO-2075534-Racomitrium_varium 
scaffold-RDOO-2080177-Racomitrium_varium 
scaffold-RDOO-2081550-Racomitrium_varium 
scaffold-RDOO-2085038-Racomitrium_varium 
scaffold-RDOO-2089772-Racomitrium_varium 
scaffold-RDOO-2090446-Racomitrium_varium 
scaffold-RDOO-2091607-Racomitrium_varium 
scaffold-RDOO-2092513-Racomitrium_varium 
scaffold-RDOO-2094570-Racomitrium_varium 
scaffold-RDOO-2095285-Racomitrium_varium 
scaffold-RDOO-2097290-Racomitrium_varium 
scaffold-RDOO-2097918-Racomitrium_varium 
scaffold-RDOO-2098453-Racomitrium_varium 
scaffold-RDOO-2098718-Racomitrium_varium 
scaffold-RDOO-2098741-Racomitrium_varium 
scaffold-RDOO-2098847-Racomitrium_varium 
scaffold-RDOO-2099556-Racomitrium_varium 
scaffold-RDOO-2099684-Racomitrium_varium 
scaffold-RDOO-2100556-Racomitrium_varium 
scaffold-RDOO-2100660-Racomitrium_varium 
scaffold-RDOO-2102420-Racomitrium_varium 
scaffold-RDOO-2103350-Racomitrium_varium 
scaffold-RDOO-2103729-Racomitrium_varium 
scaffold-RDOO-2104086-Racomitrium_varium 
scaffold-RDOO-2105136-Racomitrium_varium 
scaffold-RDOO-2105561-Racomitrium_varium 
scaffold-RDOO-2106413-Racomitrium_varium 
scaffold-RDOO-2106520-Racomitrium_varium 
scaffold-RDOO-2106920-Racomitrium_varium 
scaffold-RDOO-2107142-Racomitrium_varium 
scaffold-RDOO-2107891-Racomitrium_varium 
scaffold-RDOO-2108014-Racomitrium_varium 
scaffold-RDOO-2108404-Racomitrium_varium 
scaffold-RDOO-2108509-Racomitrium_varium 
scaffold-RDOO-2109274-Racomitrium_varium 
scaffold-RDOO-2109356-Racomitrium_varium 
scaffold-RDOO-2109575-Racomitrium_varium 
scaffold-RDOO-2109676-Racomitrium_varium 
scaffold-RDOO-2109789-Racomitrium_varium 
scaffold-RDOO-2109855-Racomitrium_varium 
scaffold-RDOO-2109969-Racomitrium_varium 
scaffold-RDOO-2110179-Racomitrium_varium 
scaffold-RDOO-2110483-Racomitrium_varium 
scaffold-RDOO-2110752-Racomitrium_varium 
scaffold-RDOO-2110833-Racomitrium_varium 
scaffold-RDOO-2111065-Racomitrium_varium 
scaffold-RDOO-2111290-Racomitrium_varium 
scaffold-RDOO-2111414-Racomitrium_varium 
scaffold-RDOO-2111735-Racomitrium_varium 
scaffold-RDOO-2112057-Racomitrium_varium 
scaffold-RDOO-2112665-Racomitrium_varium 
scaffold-RDOO-2112882-Racomitrium_varium 
scaffold-RDOO-2113284-Racomitrium_varium 
scaffold-RDOO-2113396-Racomitrium_varium 
scaffold-RDOO-2113594-Racomitrium_varium 
scaffold-RDOO-2113786-Racomitrium_varium 
scaffold-RDOO-2113833-Racomitrium_varium 
scaffold-RDOO-2113970-Racomitrium_varium 
scaffold-RDOO-2114101-Racomitrium_varium 
scaffold-RDOO-2114189-Racomitrium_varium 
scaffold-RDOO-2114289-Racomitrium_varium 
scaffold-RDOO-2114355-Racomitrium_varium 
scaffold-RDOO-2114471-Racomitrium_varium 
scaffold-RDOO-2114481-Racomitrium_varium 
scaffold-RDOO-2114556-Racomitrium_varium 
scaffold-RDOO-2114800-Racomitrium_varium 
scaffold-RDOO-2114976-Racomitrium_varium 
scaffold-RDOO-2115010-Racomitrium_varium 
scaffold-RDOO-2115140-Racomitrium_varium 
scaffold-RDOO-2115394-Racomitrium_varium 
scaffold-RDOO-2115573-Racomitrium_varium 
scaffold-RDOO-2115720-Racomitrium_varium 
scaffold-RDOO-2115785-Racomitrium_varium 
scaffold-RDOO-2115851-Racomitrium_varium 
scaffold-RDOO-2115981-Racomitrium_varium 
scaffold-RDOO-2116182-Racomitrium_varium 
scaffold-RDOO-2116279-Racomitrium_varium 
scaffold-RDOO-2116421-Racomitrium_varium 
scaffold-RDOO-2116473-Racomitrium_varium 
scaffold-RDOO-2116626-Racomitrium_varium 
scaffold-RDOO-2116732-Racomitrium_varium 
scaffold-RDOO-2116792-Racomitrium_varium 
scaffold-RDOO-2116843-Racomitrium_varium 
scaffold-RDOO-2116875-Racomitrium_varium 
scaffold-RDOO-2116910-Racomitrium_varium 
scaffold-RDOO-2117117-Racomitrium_varium 
scaffold-RDOO-2117144-Racomitrium_varium 
scaffold-RDOO-2117239-Racomitrium_varium 
scaffold-RDOO-2117395-Racomitrium_varium 
scaffold-RDOO-2117481-Racomitrium_varium 
scaffold-RDOO-2117629-Racomitrium_varium 
scaffold-RDOO-2117648-Racomitrium_varium 
scaffold-RDOO-2117703-Racomitrium_varium 
scaffold-RDOO-2117706-Racomitrium_varium 
scaffold-RDOO-2117759-Racomitrium_varium 
scaffold-RDOO-2117823-Racomitrium_varium 
scaffold-RDOO-2117925-Racomitrium_varium 
scaffold-RDOO-2117970-Racomitrium_varium 
scaffold-RDOO-2118022-Racomitrium_varium 
scaffold-RDOO-2118059-Racomitrium_varium 
scaffold-RDOO-2118111-Racomitrium_varium 
scaffold-RDOO-2118192-Racomitrium_varium 
scaffold-RDOO-2118246-Racomitrium_varium 
scaffold-RDOO-2118358-Racomitrium_varium 
scaffold-RDOO-2118408-Racomitrium_varium 
scaffold-RDOO-2118428-Racomitrium_varium 
scaffold-RDOO-2118499-Racomitrium_varium 
scaffold-RDOO-2118605-Racomitrium_varium 
scaffold-RDOO-2118691-Racomitrium_varium 
scaffold-RDOO-2118741-Racomitrium_varium 
scaffold-RDOO-2118864-Racomitrium_varium 
scaffold-RDOO-2118889-Racomitrium_varium 
scaffold-RDOO-2118894-Racomitrium_varium 
scaffold-RDOO-2118924-Racomitrium_varium 
scaffold-RDOO-2118995-Racomitrium_varium 
scaffold-RDOO-2118999-Racomitrium_varium 
scaffold-RDOO-2119004-Racomitrium_varium 
scaffold-RDOO-2119049-Racomitrium_varium 
scaffold-RDOO-2119055-Racomitrium_varium 
scaffold-RDOO-2119093-Racomitrium_varium 
scaffold-RDOO-2119119-Racomitrium_varium 
scaffold-RDOO-2119137-Racomitrium_varium 
scaffold-RDOO-2119143-Racomitrium_varium 
scaffold-RDOO-2119174-Racomitrium_varium 
scaffold-RDOO-2119255-Racomitrium_varium 
scaffold-RDOO-2119279-Racomitrium_varium 
scaffold-RDOO-2119296-Racomitrium_varium 
scaffold-RDOO-2119357-Racomitrium_varium 
scaffold-RDOO-2119386-Racomitrium_varium 
scaffold-RDOO-2119437-Racomitrium_varium 
scaffold-RDOO-2119438-Racomitrium_varium 
scaffold-RDOO-2119492-Racomitrium_varium 
scaffold-RDOO-2119517-Racomitrium_varium 
scaffold-RDOO-2119532-Racomitrium_varium 
scaffold-RDOO-2119541-Racomitrium_varium 
scaffold-RDOO-2119558-Racomitrium_varium 
scaffold-RDOO-2119580-Racomitrium_varium 
scaffold-RDOO-2119622-Racomitrium_varium 
scaffold-RDOO-2119630-Racomitrium_varium 
scaffold-RDOO-2119646-Racomitrium_varium 
scaffold-RDOO-2119656-Racomitrium_varium 
scaffold-RDOO-2119676-Racomitrium_varium 
scaffold-RDOO-2119682-Racomitrium_varium 
scaffold-RDOO-2119689-Racomitrium_varium 
scaffold-RDOO-2119729-Racomitrium_varium 
scaffold-RDOO-2119745-Racomitrium_varium 
scaffold-RDOO-2119762-Racomitrium_varium 
scaffold-RDOO-2119772-Racomitrium_varium 
scaffold-RDOO-2119777-Racomitrium_varium 
scaffold-RDOO-2119783-Racomitrium_varium 
scaffold-RDOO-2119790-Racomitrium_varium 
scaffold-RDOO-2119798-Racomitrium_varium 
scaffold-RDOO-2119817-Racomitrium_varium 
scaffold-RDOO-2119820-Racomitrium_varium 
scaffold-RDOO-2119822-Racomitrium_varium 
scaffold-RDOO-2119834-Racomitrium_varium 
scaffold-RDOO-2119845-Racomitrium_varium 
scaffold-RDOO-2119851-Racomitrium_varium 
scaffold-RDOO-2119878-Racomitrium_varium 
scaffold-RDOO-2119902-Racomitrium_varium 
scaffold-RDOO-2119909-Racomitrium_varium 
scaffold-RDOO-2119921-Racomitrium_varium 
scaffold-RDOO-2119932-Racomitrium_varium 
scaffold-RDOO-2119945-Racomitrium_varium 
scaffold-RDOO-2119949-Racomitrium_varium 
scaffold-RDOO-2119951-Racomitrium_varium 
scaffold-RDOO-2119958-Racomitrium_varium 
scaffold-RDOO-2119961-Racomitrium_varium 

Removed 8688 loci that did not pass sample/population constraints from 9871 loci.
Kept 1183 loci, composed of 146417 sites; 1203 of those sites were filtered, 494 variant sites remained.
    137452 genomic sites, of which 8961 were covered by multiple loci (6.5%).
Mean genotyped sites per locus: 123.70bp (stderr 0.22).

Population summary statistics (more detail in populations.sumstats_summary.tsv):
  Forest_tundra: 31.876 samples per locus; pi: 0.37326; all/variant/polymorphic sites: 131175/483/464; private alleles: 13
  Shrub_tundra: 29.998 samples per locus; pi: 0.39222; all/variant/polymorphic sites: 128152/417/404; private alleles: 19
Populations is done.
