populations v2.5, executed 2022-04-22 15:25:39 (zlib-1.2.11)
populations -P /home/labvilla/amsip1/Dennis_Clonality_Chapter_II/gstacks_reference/ -M /home/labvilla/amsip1/Dennis_Clonality_Chapter_II/2_info/3_popmaps/popmap_all.txt --max-obs-het 0 -r 80 -H --min-maf 0.05 --vcf --treemix -fstats --fst-correction --radpainter --bootstrap-fst --bootstrap-pifis --bootstrap-phist -O /home/labvilla/amsip1/Dennis_Clonality_Chapter_II/6_populations/all_r80_125samples/
Locus/sample distributions will be written to '/home/labvilla/amsip1/Dennis_Clonality_Chapter_II/6_populations/all_r80_125samples/populations.log.distribs'.
populations parameters selected:
  Percent samples limit per population: 0.8
  Locus Population limit: 1
  Percent samples overall: 0
  Minor allele frequency cutoff: 0.05
  Maximum observed heterozygosity cutoff: 0
  Applying Fst correction: P-value correction.
  Pi/Fis kernel smoothing: off
  Fstats kernel smoothing: off
  Bootstrap resampling: off

Parsing population map...
The population map contained 125 samples, 2 population(s), 1 group(s).
Working on 125 samples.
Working on 2 population(s):
    Forest_tundra: JC2788_369-A1, JC2789_370-A1, JC2790_371-A1, JC2791_375-A1, JC2792_378-A1, JC2793_379-A1, JC2794_380-A1, JC2795_382-A1, JC2796_383-A1, 
                   JC2797_385-A1, JC2798_386-A1, JC2799_387-A1, JC2800_388-A1, JC2801_389-A1, JC2853_370_A5, JC2859_375_A5, JC2861_378_E1, JC2875_385_E1, 
                   JC2878_386_E1, JC2932_369-E1, JC2933_370-E1, JC2934_371-E1, JC2935_375-E1, JC2937_379-E1, JC2938_380-E1, JC2939_382-E1, JC2940_383-E1, 
                   JC2943_387-E1, JC2944_388-E1, JC2945_389-E1, JC2955_369-A5, JC2956_371-A5, JC2958_378-A5, JC2959_379-A5, JC2960_380-A5, JC2961_382-A5, 
                   JC2962_383-A5, JC2963_385-A5, JC3086_386-A5, JC3087_387-A5, JC3088_388-A5, JC3089_389-A5, JC3234_393-A1, JC3235_393-A2, JC3236_393-A3, 
                   JC3237_393-A4, JC3238_393-A5, JC3239_393-B1, JC3240_393-B2, JC3241_393-B3, JC3243_393-B5, JC3244_393-C1, JC3245_393-C2, JC3246_393-C3, 
                   JC3247_393-C4, JC3248_393-C5, JC3249_393-D1, JC3250_393-D2, JC3251_393-D3, JC3252_393-D4, JC3254_393-E1, JC3256_393-E3, JC3257_393-E4, 
                   JC3258_393-E5, JC3280_393-B4, JC3281_393-E2, JC3302_393-D5
    Shrub_tundra: JC2802_398-A1, JC2803_399-A1, JC2804_401-A1, JC2805_402-A1, JC2806_407-A1, JC2807_408-A1, JC2906_402-A5, JC2911_408-A5, JC2917_412-A5, 
                  JC2926_411-A1, JC2927_412-A1, JC2928_415-A1, JC2929_415-E1, JC2930_416-A1, JC2931_417-A1, JC2947_399-E1, JC2948_401-E1, JC2949_402-E1, 
                  JC2950_407-E1, JC2951_411-E1, JC2952_412-E1, JC2953_416-E1, JC2954_417-E1, JC3085_408-E1, JC3090_398-A5, JC3091_399-A5, JC3210_401-A5, 
                  JC3212_407-A5, JC3214_411-A5, JC3216_415-A5, JC3218_417-A5, JC3259_414-A1, JC3260_414-A2, JC3261_414-A3, JC3265_414-B4, JC3268_414-C2, 
                  JC3269_414-C3, JC3270_414-C4, JC3273_414-E1, JC3274_414-E2, JC3282_414-B2, JC3283_414-B3, JC3284_414-D1, JC3285_414-D2, JC3286_414-D3, 
                  JC3287_414-D4, JC3288_414-D5, JC3289_414-E3, JC3290_414-E4, JC3291_414-A5, JC3292_414-B1, JC3293_414-C1, JC3294_414-E5, JC3295_414-C5, 
                  JC3299_414-A4, JC3300_414-B5, JC3301_398-E1, JC3303_416-A5
Working on 1 group(s) of populations:
    defaultgrp: Forest_tundra, Shrub_tundra

SNPs and calls will be written in VCF format to '/home/labvilla/amsip1/Dennis_Clonality_Chapter_II/6_populations/all_r80_125samples/populations.snps.vcf'
Haplotypes will be written in VCF format to '/home/labvilla/amsip1/Dennis_Clonality_Chapter_II/6_populations/all_r80_125samples/populations.haps.vcf'
Per-population SNP allele counts will be written to '/home/labvilla/amsip1/Dennis_Clonality_Chapter_II/6_populations/all_r80_125samples/populations.treemix'
Polymorphic loci in RADpainter/fineRADstructure format will be written to '/home/labvilla/amsip1/Dennis_Clonality_Chapter_II/6_populations/all_r80_125samples/populations.haps.radpainter'
Raw haplotypes will be written to '/home/labvilla/amsip1/Dennis_Clonality_Chapter_II/6_populations/all_r80_125samples/populations.haplotypes.tsv'
Population-level summary statistics will be written to '/home/labvilla/amsip1/Dennis_Clonality_Chapter_II/6_populations/all_r80_125samples/populations.sumstats.tsv'
Population-level haplotype summary statistics will be written to '/home/labvilla/amsip1/Dennis_Clonality_Chapter_II/6_populations/all_r80_125samples/populations.hapstats.tsv'

Processing data in batches:
  * load a batch of catalog loci and apply filters
  * compute SNP- and haplotype-wise per-population statistics
  * write the above statistics in the output files
  * export the genotypes/haplotypes in specified format(s)
More details in '/home/labvilla/amsip1/Dennis_Clonality_Chapter_II/6_populations/all_r80_125samples/populations.log.distribs'.
Now processing...
scaffold-ABCD-2000494-Niphotrichum_elongatum 
scaffold-ABCD-2001220-Niphotrichum_elongatum 
scaffold-ABCD-2001432-Niphotrichum_elongatum 
scaffold-ABCD-2002388-Niphotrichum_elongatum 
scaffold-ABCD-2002762-Niphotrichum_elongatum 
scaffold-ABCD-2003071-Niphotrichum_elongatum 
scaffold-ABCD-2003136-Niphotrichum_elongatum 
scaffold-ABCD-2003312-Niphotrichum_elongatum 
scaffold-ABCD-2003458-Niphotrichum_elongatum 
scaffold-ABCD-2004081-Niphotrichum_elongatum 
scaffold-ABCD-2004490-Niphotrichum_elongatum 
scaffold-ABCD-2004606-Niphotrichum_elongatum 
scaffold-ABCD-2004794-Niphotrichum_elongatum 
scaffold-ABCD-2005285-Niphotrichum_elongatum 
scaffold-ABCD-2005632-Niphotrichum_elongatum 
scaffold-ABCD-2005958-Niphotrichum_elongatum 
scaffold-ABCD-2006223-Niphotrichum_elongatum 
scaffold-ABCD-2006868-Niphotrichum_elongatum 
scaffold-ABCD-2006940-Niphotrichum_elongatum 
scaffold-ABCD-2007386-Niphotrichum_elongatum 
scaffold-ABCD-2008367-Niphotrichum_elongatum 
scaffold-ABCD-2008752-Niphotrichum_elongatum 
scaffold-ABCD-2008990-Niphotrichum_elongatum 
scaffold-ABCD-2009146-Niphotrichum_elongatum 
scaffold-ABCD-2009230-Niphotrichum_elongatum 
scaffold-ABCD-2009342-Niphotrichum_elongatum 
scaffold-ABCD-2009475-Niphotrichum_elongatum 
scaffold-ABCD-2009476-Niphotrichum_elongatum 
scaffold-ABCD-2009692-Niphotrichum_elongatum 
scaffold-ABCD-2010075-Niphotrichum_elongatum 
scaffold-ABCD-2010376-Niphotrichum_elongatum 
scaffold-ABCD-2010504-Niphotrichum_elongatum 
scaffold-ABCD-2010598-Niphotrichum_elongatum 
scaffold-ABCD-2010736-Niphotrichum_elongatum 
scaffold-ABCD-2010796-Niphotrichum_elongatum 
scaffold-ABCD-2011188-Niphotrichum_elongatum 
scaffold-ABCD-2011338-Niphotrichum_elongatum 
scaffold-ABCD-2011611-Niphotrichum_elongatum 
scaffold-ABCD-2011779-Niphotrichum_elongatum 
scaffold-ABCD-2011995-Niphotrichum_elongatum 
scaffold-ABCD-2027150-Niphotrichum_elongatum 
scaffold-ABCD-2029851-Niphotrichum_elongatum 
scaffold-ABCD-2031058-Niphotrichum_elongatum 
scaffold-ABCD-2035019-Niphotrichum_elongatum 
scaffold-ABCD-2036414-Niphotrichum_elongatum 
scaffold-ABCD-2039030-Niphotrichum_elongatum 
scaffold-ABCD-2043282-Niphotrichum_elongatum 
scaffold-ABCD-2046646-Niphotrichum_elongatum 
scaffold-ABCD-2047659-Niphotrichum_elongatum 
scaffold-ABCD-2052855-Niphotrichum_elongatum 
scaffold-ABCD-2054162-Niphotrichum_elongatum 
scaffold-ABCD-2054682-Niphotrichum_elongatum 
scaffold-ABCD-2057601-Niphotrichum_elongatum 
scaffold-ABCD-2058571-Niphotrichum_elongatum 
scaffold-ABCD-2059828-Niphotrichum_elongatum 
scaffold-ABCD-2061653-Niphotrichum_elongatum 
scaffold-ABCD-2063067-Niphotrichum_elongatum 
scaffold-ABCD-2065693-Niphotrichum_elongatum 
scaffold-ABCD-2066521-Niphotrichum_elongatum 
scaffold-ABCD-2066972-Niphotrichum_elongatum 
scaffold-ABCD-2067255-Niphotrichum_elongatum 
scaffold-ABCD-2067699-Niphotrichum_elongatum 
scaffold-ABCD-2067751-Niphotrichum_elongatum 
scaffold-ABCD-2067795-Niphotrichum_elongatum 
scaffold-ABCD-2068154-Niphotrichum_elongatum 
scaffold-ABCD-2069357-Niphotrichum_elongatum 
scaffold-ABCD-2069532-Niphotrichum_elongatum 
scaffold-ABCD-2070818-Niphotrichum_elongatum 
scaffold-ABCD-2071256-Niphotrichum_elongatum 
scaffold-ABCD-2071420-Niphotrichum_elongatum 
scaffold-ABCD-2071873-Niphotrichum_elongatum 
scaffold-ABCD-2072588-Niphotrichum_elongatum 
scaffold-ABCD-2072817-Niphotrichum_elongatum 
scaffold-ABCD-2073094-Niphotrichum_elongatum 
scaffold-ABCD-2073225-Niphotrichum_elongatum 
scaffold-ABCD-2073390-Niphotrichum_elongatum 
scaffold-ABCD-2073434-Niphotrichum_elongatum 
scaffold-ABCD-2073540-Niphotrichum_elongatum 
scaffold-ABCD-2073934-Niphotrichum_elongatum 
scaffold-ABCD-2074025-Niphotrichum_elongatum 
scaffold-ABCD-2074164-Niphotrichum_elongatum 
scaffold-ABCD-2074392-Niphotrichum_elongatum 
scaffold-ABCD-2074633-Niphotrichum_elongatum 
scaffold-ABCD-2074851-Niphotrichum_elongatum 
scaffold-ABCD-2075096-Niphotrichum_elongatum 
scaffold-ABCD-2075204-Niphotrichum_elongatum 
scaffold-ABCD-2075666-Niphotrichum_elongatum 
scaffold-ABCD-2075695-Niphotrichum_elongatum 
scaffold-ABCD-2075852-Niphotrichum_elongatum 
scaffold-ABCD-2076079-Niphotrichum_elongatum 
scaffold-ABCD-2076152-Niphotrichum_elongatum 
scaffold-ABCD-2076306-Niphotrichum_elongatum 
scaffold-ABCD-2076521-Niphotrichum_elongatum 
scaffold-ABCD-2076644-Niphotrichum_elongatum 
scaffold-ABCD-2076780-Niphotrichum_elongatum 
scaffold-ABCD-2077068-Niphotrichum_elongatum 
scaffold-ABCD-2077211-Niphotrichum_elongatum 
scaffold-ABCD-2077327-Niphotrichum_elongatum 
scaffold-ABCD-2077388-Niphotrichum_elongatum 
scaffold-ABCD-2077689-Niphotrichum_elongatum 
scaffold-ABCD-2077726-Niphotrichum_elongatum 
scaffold-ABCD-2077935-Niphotrichum_elongatum 
scaffold-ABCD-2078043-Niphotrichum_elongatum 
scaffold-ABCD-2078192-Niphotrichum_elongatum 
scaffold-ABCD-2078239-Niphotrichum_elongatum 
scaffold-ABCD-2078280-Niphotrichum_elongatum 
scaffold-ABCD-2078461-Niphotrichum_elongatum 
scaffold-ABCD-2078572-Niphotrichum_elongatum 
scaffold-RDOO-2000140-Racomitrium_varium 
scaffold-RDOO-2000337-Racomitrium_varium 
scaffold-RDOO-2000599-Racomitrium_varium 
scaffold-RDOO-2000795-Racomitrium_varium 
scaffold-RDOO-2001051-Racomitrium_varium 
scaffold-RDOO-2001105-Racomitrium_varium 
scaffold-RDOO-2001187-Racomitrium_varium 
scaffold-RDOO-2001296-Racomitrium_varium 
scaffold-RDOO-2001418-Racomitrium_varium 
scaffold-RDOO-2001479-Racomitrium_varium 
scaffold-RDOO-2001774-Racomitrium_varium 
scaffold-RDOO-2001830-Racomitrium_varium 
scaffold-RDOO-2001900-Racomitrium_varium 
scaffold-RDOO-2001978-Racomitrium_varium 
scaffold-RDOO-2002059-Racomitrium_varium 
scaffold-RDOO-2002144-Racomitrium_varium 
scaffold-RDOO-2002157-Racomitrium_varium 
scaffold-RDOO-2002339-Racomitrium_varium 
scaffold-RDOO-2002428-Racomitrium_varium 
scaffold-RDOO-2002479-Racomitrium_varium 
scaffold-RDOO-2002730-Racomitrium_varium 
scaffold-RDOO-2002842-Racomitrium_varium 
scaffold-RDOO-2003096-Racomitrium_varium 
scaffold-RDOO-2003107-Racomitrium_varium 
scaffold-RDOO-2003208-Racomitrium_varium 
scaffold-RDOO-2003320-Racomitrium_varium 
scaffold-RDOO-2003427-Racomitrium_varium 
scaffold-RDOO-2003637-Racomitrium_varium 
scaffold-RDOO-2003847-Racomitrium_varium 
scaffold-RDOO-2003964-Racomitrium_varium 
scaffold-RDOO-2004116-Racomitrium_varium 
scaffold-RDOO-2004337-Racomitrium_varium 
scaffold-RDOO-2004477-Racomitrium_varium 
scaffold-RDOO-2004741-Racomitrium_varium 
scaffold-RDOO-2004840-Racomitrium_varium 
scaffold-RDOO-2005069-Racomitrium_varium 
scaffold-RDOO-2005079-Racomitrium_varium 
scaffold-RDOO-2005153-Racomitrium_varium 
scaffold-RDOO-2005229-Racomitrium_varium 
scaffold-RDOO-2005342-Racomitrium_varium 
scaffold-RDOO-2005398-Racomitrium_varium 
scaffold-RDOO-2005492-Racomitrium_varium 
scaffold-RDOO-2005583-Racomitrium_varium 
scaffold-RDOO-2005703-Racomitrium_varium 
scaffold-RDOO-2005760-Racomitrium_varium 
scaffold-RDOO-2005916-Racomitrium_varium 
scaffold-RDOO-2005957-Racomitrium_varium 
scaffold-RDOO-2006062-Racomitrium_varium 
scaffold-RDOO-2006131-Racomitrium_varium 
scaffold-RDOO-2006270-Racomitrium_varium 
scaffold-RDOO-2006465-Racomitrium_varium 
scaffold-RDOO-2006513-Racomitrium_varium 
scaffold-RDOO-2006632-Racomitrium_varium 
scaffold-RDOO-2006663-Racomitrium_varium 
scaffold-RDOO-2006886-Racomitrium_varium 
scaffold-RDOO-2006935-Racomitrium_varium 
scaffold-RDOO-2007009-Racomitrium_varium 
scaffold-RDOO-2007067-Racomitrium_varium 
scaffold-RDOO-2007205-Racomitrium_varium 
scaffold-RDOO-2007335-Racomitrium_varium 
scaffold-RDOO-2007404-Racomitrium_varium 
scaffold-RDOO-2007446-Racomitrium_varium 
scaffold-RDOO-2007699-Racomitrium_varium 
scaffold-RDOO-2007826-Racomitrium_varium 
scaffold-RDOO-2007926-Racomitrium_varium 
scaffold-RDOO-2008050-Racomitrium_varium 
scaffold-RDOO-2008170-Racomitrium_varium 
scaffold-RDOO-2008349-Racomitrium_varium 
scaffold-RDOO-2008613-Racomitrium_varium 
scaffold-RDOO-2008678-Racomitrium_varium 
scaffold-RDOO-2008730-Racomitrium_varium 
scaffold-RDOO-2008793-Racomitrium_varium 
scaffold-RDOO-2008895-Racomitrium_varium 
scaffold-RDOO-2008913-Racomitrium_varium 
scaffold-RDOO-2009182-Racomitrium_varium 
scaffold-RDOO-2009261-Racomitrium_varium 
scaffold-RDOO-2009458-Racomitrium_varium 
scaffold-RDOO-2009501-Racomitrium_varium 
scaffold-RDOO-2009750-Racomitrium_varium 
scaffold-RDOO-2009786-Racomitrium_varium 
scaffold-RDOO-2009986-Racomitrium_varium 
scaffold-RDOO-2010019-Racomitrium_varium 
scaffold-RDOO-2010110-Racomitrium_varium 
scaffold-RDOO-2010414-Racomitrium_varium 
scaffold-RDOO-2010594-Racomitrium_varium 
scaffold-RDOO-2010747-Racomitrium_varium 
scaffold-RDOO-2010772-Racomitrium_varium 
scaffold-RDOO-2010825-Racomitrium_varium 
scaffold-RDOO-2010917-Racomitrium_varium 
scaffold-RDOO-2010931-Racomitrium_varium 
scaffold-RDOO-2010957-Racomitrium_varium 
scaffold-RDOO-2011175-Racomitrium_varium 
scaffold-RDOO-2011210-Racomitrium_varium 
scaffold-RDOO-2011234-Racomitrium_varium 
scaffold-RDOO-2011302-Racomitrium_varium 
scaffold-RDOO-2011369-Racomitrium_varium 
scaffold-RDOO-2011412-Racomitrium_varium 
scaffold-RDOO-2011416-Racomitrium_varium 
scaffold-RDOO-2011466-Racomitrium_varium 
scaffold-RDOO-2011493-Racomitrium_varium 
scaffold-RDOO-2011563-Racomitrium_varium 
scaffold-RDOO-2011819-Racomitrium_varium 
scaffold-RDOO-2011870-Racomitrium_varium 
scaffold-RDOO-2011949-Racomitrium_varium 
scaffold-RDOO-2012075-Racomitrium_varium 
scaffold-RDOO-2012146-Racomitrium_varium 
scaffold-RDOO-2012165-Racomitrium_varium 
scaffold-RDOO-2012307-Racomitrium_varium 
scaffold-RDOO-2012328-Racomitrium_varium 
scaffold-RDOO-2012500-Racomitrium_varium 
scaffold-RDOO-2012637-Racomitrium_varium 
scaffold-RDOO-2012687-Racomitrium_varium 
scaffold-RDOO-2012749-Racomitrium_varium 
scaffold-RDOO-2012811-Racomitrium_varium 
scaffold-RDOO-2012836-Racomitrium_varium 
scaffold-RDOO-2012979-Racomitrium_varium 
scaffold-RDOO-2013122-Racomitrium_varium 
scaffold-RDOO-2013209-Racomitrium_varium 
scaffold-RDOO-2013284-Racomitrium_varium 
scaffold-RDOO-2013312-Racomitrium_varium 
scaffold-RDOO-2013346-Racomitrium_varium 
scaffold-RDOO-2013393-Racomitrium_varium 
scaffold-RDOO-2013566-Racomitrium_varium 
scaffold-RDOO-2013626-Racomitrium_varium 
scaffold-RDOO-2013658-Racomitrium_varium 
scaffold-RDOO-2013738-Racomitrium_varium 
scaffold-RDOO-2013793-Racomitrium_varium 
scaffold-RDOO-2013865-Racomitrium_varium 
scaffold-RDOO-2013923-Racomitrium_varium 
scaffold-RDOO-2013966-Racomitrium_varium 
scaffold-RDOO-2014066-Racomitrium_varium 
scaffold-RDOO-2014094-Racomitrium_varium 
scaffold-RDOO-2014176-Racomitrium_varium 
scaffold-RDOO-2014185-Racomitrium_varium 
scaffold-RDOO-2014217-Racomitrium_varium 
scaffold-RDOO-2014259-Racomitrium_varium 
scaffold-RDOO-2014291-Racomitrium_varium 
scaffold-RDOO-2014323-Racomitrium_varium 
scaffold-RDOO-2014386-Racomitrium_varium 
scaffold-RDOO-2014440-Racomitrium_varium 
scaffold-RDOO-2014567-Racomitrium_varium 
scaffold-RDOO-2014764-Racomitrium_varium 
scaffold-RDOO-2014936-Racomitrium_varium 
scaffold-RDOO-2014942-Racomitrium_varium 
scaffold-RDOO-2015008-Racomitrium_varium 
scaffold-RDOO-2015111-Racomitrium_varium 
scaffold-RDOO-2015170-Racomitrium_varium 
scaffold-RDOO-2015244-Racomitrium_varium 
scaffold-RDOO-2015267-Racomitrium_varium 
scaffold-RDOO-2015355-Racomitrium_varium 
scaffold-RDOO-2015388-Racomitrium_varium 
scaffold-RDOO-2015422-Racomitrium_varium 
scaffold-RDOO-2015449-Racomitrium_varium 
scaffold-RDOO-2015500-Racomitrium_varium 
scaffold-RDOO-2015584-Racomitrium_varium 
scaffold-RDOO-2015591-Racomitrium_varium 
scaffold-RDOO-2015701-Racomitrium_varium 
scaffold-RDOO-2015885-Racomitrium_varium 
scaffold-RDOO-2015984-Racomitrium_varium 
scaffold-RDOO-2016095-Racomitrium_varium 
scaffold-RDOO-2016160-Racomitrium_varium 
scaffold-RDOO-2016170-Racomitrium_varium 
scaffold-RDOO-2016185-Racomitrium_varium 
scaffold-RDOO-2016222-Racomitrium_varium 
scaffold-RDOO-2016276-Racomitrium_varium 
scaffold-RDOO-2016286-Racomitrium_varium 
scaffold-RDOO-2016315-Racomitrium_varium 
scaffold-RDOO-2016348-Racomitrium_varium 
scaffold-RDOO-2016365-Racomitrium_varium 
scaffold-RDOO-2016487-Racomitrium_varium 
scaffold-RDOO-2016562-Racomitrium_varium 
scaffold-RDOO-2016587-Racomitrium_varium 
scaffold-RDOO-2016616-Racomitrium_varium 
scaffold-RDOO-2016641-Racomitrium_varium 
scaffold-RDOO-2016732-Racomitrium_varium 
scaffold-RDOO-2016790-Racomitrium_varium 
scaffold-RDOO-2016850-Racomitrium_varium 
scaffold-RDOO-2016895-Racomitrium_varium 
scaffold-RDOO-2016937-Racomitrium_varium 
scaffold-RDOO-2017043-Racomitrium_varium 
scaffold-RDOO-2017084-Racomitrium_varium 
scaffold-RDOO-2017124-Racomitrium_varium 
scaffold-RDOO-2017158-Racomitrium_varium 
scaffold-RDOO-2017240-Racomitrium_varium 
scaffold-RDOO-2017278-Racomitrium_varium 
scaffold-RDOO-2017307-Racomitrium_varium 
scaffold-RDOO-2017391-Racomitrium_varium 
scaffold-RDOO-2017420-Racomitrium_varium 
scaffold-RDOO-2017503-Racomitrium_varium 
scaffold-RDOO-2017571-Racomitrium_varium 
scaffold-RDOO-2017680-Racomitrium_varium 
scaffold-RDOO-2017734-Racomitrium_varium 
scaffold-RDOO-2017816-Racomitrium_varium 
scaffold-RDOO-2017851-Racomitrium_varium 
scaffold-RDOO-2017868-Racomitrium_varium 
scaffold-RDOO-2017887-Racomitrium_varium 
scaffold-RDOO-2017952-Racomitrium_varium 
scaffold-RDOO-2018045-Racomitrium_varium 
scaffold-RDOO-2018085-Racomitrium_varium 
scaffold-RDOO-2018094-Racomitrium_varium 
scaffold-RDOO-2018111-Racomitrium_varium 
scaffold-RDOO-2018194-Racomitrium_varium 
scaffold-RDOO-2018224-Racomitrium_varium 
scaffold-RDOO-2018285-Racomitrium_varium 
scaffold-RDOO-2018318-Racomitrium_varium 
scaffold-RDOO-2018335-Racomitrium_varium 
scaffold-RDOO-2018376-Racomitrium_varium 
scaffold-RDOO-2018396-Racomitrium_varium 
scaffold-RDOO-2018441-Racomitrium_varium 
scaffold-RDOO-2018488-Racomitrium_varium 
scaffold-RDOO-2018564-Racomitrium_varium 
scaffold-RDOO-2018571-Racomitrium_varium 
scaffold-RDOO-2018617-Racomitrium_varium 
scaffold-RDOO-2018645-Racomitrium_varium 
scaffold-RDOO-2018672-Racomitrium_varium 
scaffold-RDOO-2018718-Racomitrium_varium 
scaffold-RDOO-2018749-Racomitrium_varium 
scaffold-RDOO-2018808-Racomitrium_varium 
scaffold-RDOO-2018942-Racomitrium_varium 
scaffold-RDOO-2018955-Racomitrium_varium 
scaffold-RDOO-2019031-Racomitrium_varium 
scaffold-RDOO-2019085-Racomitrium_varium 
scaffold-RDOO-2019100-Racomitrium_varium 
scaffold-RDOO-2019150-Racomitrium_varium 
scaffold-RDOO-2019163-Racomitrium_varium 
scaffold-RDOO-2019173-Racomitrium_varium 
scaffold-RDOO-2019231-Racomitrium_varium 
scaffold-RDOO-2019259-Racomitrium_varium 
scaffold-RDOO-2019269-Racomitrium_varium 
scaffold-RDOO-2019314-Racomitrium_varium 
scaffold-RDOO-2019333-Racomitrium_varium 
scaffold-RDOO-2019354-Racomitrium_varium 
scaffold-RDOO-2019396-Racomitrium_varium 
scaffold-RDOO-2019423-Racomitrium_varium 
scaffold-RDOO-2019490-Racomitrium_varium 
scaffold-RDOO-2019531-Racomitrium_varium 
scaffold-RDOO-2019611-Racomitrium_varium 
scaffold-RDOO-2019687-Racomitrium_varium 
scaffold-RDOO-2019694-Racomitrium_varium 
scaffold-RDOO-2019731-Racomitrium_varium 
scaffold-RDOO-2019760-Racomitrium_varium 
scaffold-RDOO-2019790-Racomitrium_varium 
scaffold-RDOO-2019803-Racomitrium_varium 
scaffold-RDOO-2019841-Racomitrium_varium 
scaffold-RDOO-2019881-Racomitrium_varium 
scaffold-RDOO-2019938-Racomitrium_varium 
scaffold-RDOO-2019965-Racomitrium_varium 
scaffold-RDOO-2019967-Racomitrium_varium 
scaffold-RDOO-2020012-Racomitrium_varium 
scaffold-RDOO-2020027-Racomitrium_varium 
scaffold-RDOO-2020098-Racomitrium_varium 
scaffold-RDOO-2020161-Racomitrium_varium 
scaffold-RDOO-2020176-Racomitrium_varium 
scaffold-RDOO-2020201-Racomitrium_varium 
scaffold-RDOO-2020208-Racomitrium_varium 
scaffold-RDOO-2020227-Racomitrium_varium 
scaffold-RDOO-2020308-Racomitrium_varium 
scaffold-RDOO-2020333-Racomitrium_varium 
scaffold-RDOO-2020339-Racomitrium_varium 
scaffold-RDOO-2020362-Racomitrium_varium 
scaffold-RDOO-2020392-Racomitrium_varium 
scaffold-RDOO-2020407-Racomitrium_varium 
scaffold-RDOO-2020435-Racomitrium_varium 
scaffold-RDOO-2020474-Racomitrium_varium 
scaffold-RDOO-2020485-Racomitrium_varium 
scaffold-RDOO-2020490-Racomitrium_varium 
scaffold-RDOO-2020493-Racomitrium_varium 
scaffold-RDOO-2020497-Racomitrium_varium 
scaffold-RDOO-2042588-Racomitrium_varium 
scaffold-RDOO-2048801-Racomitrium_varium 
scaffold-RDOO-2060880-Racomitrium_varium 
scaffold-RDOO-2064822-Racomitrium_varium 
scaffold-RDOO-2066851-Racomitrium_varium 
scaffold-RDOO-2068681-Racomitrium_varium 
scaffold-RDOO-2069944-Racomitrium_varium 
scaffold-RDOO-2073149-Racomitrium_varium 
scaffold-RDOO-2074971-Racomitrium_varium 
scaffold-RDOO-2077852-Racomitrium_varium 
scaffold-RDOO-2084913-Racomitrium_varium 
scaffold-RDOO-2086852-Racomitrium_varium 
scaffold-RDOO-2090433-Racomitrium_varium 
scaffold-RDOO-2090857-Racomitrium_varium 
scaffold-RDOO-2091790-Racomitrium_varium 
scaffold-RDOO-2094570-Racomitrium_varium 
scaffold-RDOO-2095285-Racomitrium_varium 
scaffold-RDOO-2097290-Racomitrium_varium 
scaffold-RDOO-2097918-Racomitrium_varium 
scaffold-RDOO-2098453-Racomitrium_varium 
scaffold-RDOO-2098718-Racomitrium_varium 
scaffold-RDOO-2098796-Racomitrium_varium 
scaffold-RDOO-2099171-Racomitrium_varium 
scaffold-RDOO-2099679-Racomitrium_varium 
scaffold-RDOO-2099894-Racomitrium_varium 
scaffold-RDOO-2100660-Racomitrium_varium 
scaffold-RDOO-2102290-Racomitrium_varium 
scaffold-RDOO-2103003-Racomitrium_varium 
scaffold-RDOO-2103690-Racomitrium_varium 
scaffold-RDOO-2103853-Racomitrium_varium 
scaffold-RDOO-2104791-Racomitrium_varium 
scaffold-RDOO-2105374-Racomitrium_varium 
scaffold-RDOO-2105820-Racomitrium_varium 
scaffold-RDOO-2106413-Racomitrium_varium 
scaffold-RDOO-2106520-Racomitrium_varium 
scaffold-RDOO-2106920-Racomitrium_varium 
scaffold-RDOO-2107142-Racomitrium_varium 
scaffold-RDOO-2107891-Racomitrium_varium 
scaffold-RDOO-2108014-Racomitrium_varium 
scaffold-RDOO-2108404-Racomitrium_varium 
scaffold-RDOO-2108509-Racomitrium_varium 
scaffold-RDOO-2108663-Racomitrium_varium 
scaffold-RDOO-2109348-Racomitrium_varium 
scaffold-RDOO-2109533-Racomitrium_varium 
scaffold-RDOO-2109646-Racomitrium_varium 
scaffold-RDOO-2109789-Racomitrium_varium 
scaffold-RDOO-2109855-Racomitrium_varium 
scaffold-RDOO-2109969-Racomitrium_varium 
scaffold-RDOO-2110179-Racomitrium_varium 
scaffold-RDOO-2110483-Racomitrium_varium 
scaffold-RDOO-2110558-Racomitrium_varium 
scaffold-RDOO-2110783-Racomitrium_varium 
scaffold-RDOO-2111065-Racomitrium_varium 
scaffold-RDOO-2111314-Racomitrium_varium 
scaffold-RDOO-2111674-Racomitrium_varium 
scaffold-RDOO-2111745-Racomitrium_varium 
scaffold-RDOO-2112086-Racomitrium_varium 
scaffold-RDOO-2112665-Racomitrium_varium 
scaffold-RDOO-2112882-Racomitrium_varium 
scaffold-RDOO-2113284-Racomitrium_varium 
scaffold-RDOO-2113396-Racomitrium_varium 
scaffold-RDOO-2113594-Racomitrium_varium 
scaffold-RDOO-2113786-Racomitrium_varium 
scaffold-RDOO-2113833-Racomitrium_varium 
scaffold-RDOO-2113928-Racomitrium_varium 
scaffold-RDOO-2114067-Racomitrium_varium 
scaffold-RDOO-2114166-Racomitrium_varium 
scaffold-RDOO-2114287-Racomitrium_varium 
scaffold-RDOO-2114312-Racomitrium_varium 
scaffold-RDOO-2114355-Racomitrium_varium 
scaffold-RDOO-2114471-Racomitrium_varium 
scaffold-RDOO-2114481-Racomitrium_varium 
scaffold-RDOO-2114556-Racomitrium_varium 
scaffold-RDOO-2114800-Racomitrium_varium 
scaffold-RDOO-2114976-Racomitrium_varium 
scaffold-RDOO-2115010-Racomitrium_varium 
scaffold-RDOO-2115294-Racomitrium_varium 
scaffold-RDOO-2115480-Racomitrium_varium 
scaffold-RDOO-2115691-Racomitrium_varium 
scaffold-RDOO-2115751-Racomitrium_varium 
scaffold-RDOO-2115820-Racomitrium_varium 
scaffold-RDOO-2115851-Racomitrium_varium 
scaffold-RDOO-2116005-Racomitrium_varium 
scaffold-RDOO-2116182-Racomitrium_varium 
scaffold-RDOO-2116279-Racomitrium_varium 
scaffold-RDOO-2116424-Racomitrium_varium 
scaffold-RDOO-2116473-Racomitrium_varium 
scaffold-RDOO-2116626-Racomitrium_varium 
scaffold-RDOO-2116732-Racomitrium_varium 
scaffold-RDOO-2116792-Racomitrium_varium 
scaffold-RDOO-2116843-Racomitrium_varium 
scaffold-RDOO-2116875-Racomitrium_varium 
scaffold-RDOO-2116910-Racomitrium_varium 
scaffold-RDOO-2117117-Racomitrium_varium 
scaffold-RDOO-2117144-Racomitrium_varium 
scaffold-RDOO-2117239-Racomitrium_varium 
scaffold-RDOO-2117395-Racomitrium_varium 
scaffold-RDOO-2117481-Racomitrium_varium 
scaffold-RDOO-2117629-Racomitrium_varium 
scaffold-RDOO-2117648-Racomitrium_varium 
scaffold-RDOO-2117704-Racomitrium_varium 
scaffold-RDOO-2117731-Racomitrium_varium 
scaffold-RDOO-2117759-Racomitrium_varium 
scaffold-RDOO-2117823-Racomitrium_varium 
scaffold-RDOO-2117925-Racomitrium_varium 
scaffold-RDOO-2117970-Racomitrium_varium 
scaffold-RDOO-2118022-Racomitrium_varium 
scaffold-RDOO-2118071-Racomitrium_varium 
scaffold-RDOO-2118178-Racomitrium_varium 
scaffold-RDOO-2118219-Racomitrium_varium 
scaffold-RDOO-2118307-Racomitrium_varium 
scaffold-RDOO-2118358-Racomitrium_varium 
scaffold-RDOO-2118408-Racomitrium_varium 
scaffold-RDOO-2118428-Racomitrium_varium 
scaffold-RDOO-2118507-Racomitrium_varium 
scaffold-RDOO-2118659-Racomitrium_varium 
scaffold-RDOO-2118691-Racomitrium_varium 
scaffold-RDOO-2118732-Racomitrium_varium 
scaffold-RDOO-2118851-Racomitrium_varium 
scaffold-RDOO-2118864-Racomitrium_varium 
scaffold-RDOO-2118889-Racomitrium_varium 
scaffold-RDOO-2118894-Racomitrium_varium 
scaffold-RDOO-2118924-Racomitrium_varium 
scaffold-RDOO-2118995-Racomitrium_varium 
scaffold-RDOO-2118999-Racomitrium_varium 
scaffold-RDOO-2119049-Racomitrium_varium 
scaffold-RDOO-2119055-Racomitrium_varium 
scaffold-RDOO-2119093-Racomitrium_varium 
scaffold-RDOO-2119119-Racomitrium_varium 
scaffold-RDOO-2119137-Racomitrium_varium 
scaffold-RDOO-2119143-Racomitrium_varium 
scaffold-RDOO-2119212-Racomitrium_varium 
scaffold-RDOO-2119277-Racomitrium_varium 
scaffold-RDOO-2119296-Racomitrium_varium 
scaffold-RDOO-2119357-Racomitrium_varium 
scaffold-RDOO-2119386-Racomitrium_varium 
scaffold-RDOO-2119437-Racomitrium_varium 
scaffold-RDOO-2119438-Racomitrium_varium 
scaffold-RDOO-2119492-Racomitrium_varium 
scaffold-RDOO-2119517-Racomitrium_varium 
scaffold-RDOO-2119532-Racomitrium_varium 
scaffold-RDOO-2119541-Racomitrium_varium 
scaffold-RDOO-2119558-Racomitrium_varium 
scaffold-RDOO-2119590-Racomitrium_varium 
scaffold-RDOO-2119630-Racomitrium_varium 
scaffold-RDOO-2119646-Racomitrium_varium 
scaffold-RDOO-2119656-Racomitrium_varium 
scaffold-RDOO-2119676-Racomitrium_varium 
scaffold-RDOO-2119682-Racomitrium_varium 
scaffold-RDOO-2119691-Racomitrium_varium 
scaffold-RDOO-2119739-Racomitrium_varium 
scaffold-RDOO-2119747-Racomitrium_varium 
scaffold-RDOO-2119766-Racomitrium_varium 
scaffold-RDOO-2119776-Racomitrium_varium 
scaffold-RDOO-2119781-Racomitrium_varium 
scaffold-RDOO-2119790-Racomitrium_varium 
scaffold-RDOO-2119798-Racomitrium_varium 
scaffold-RDOO-2119817-Racomitrium_varium 
scaffold-RDOO-2119820-Racomitrium_varium 
scaffold-RDOO-2119822-Racomitrium_varium 
scaffold-RDOO-2119834-Racomitrium_varium 
scaffold-RDOO-2119845-Racomitrium_varium 
scaffold-RDOO-2119851-Racomitrium_varium 
scaffold-RDOO-2119900-Racomitrium_varium 
scaffold-RDOO-2119909-Racomitrium_varium 
scaffold-RDOO-2119921-Racomitrium_varium 
scaffold-RDOO-2119932-Racomitrium_varium 
scaffold-RDOO-2119945-Racomitrium_varium 
scaffold-RDOO-2119949-Racomitrium_varium 
scaffold-RDOO-2119951-Racomitrium_varium 
scaffold-RDOO-2119958-Racomitrium_varium 
scaffold-RDOO-2119961-Racomitrium_varium 

Removed 9707 loci that did not pass sample/population constraints from 10861 loci.
Kept 1154 loci, composed of 143822 sites; 1267 of those sites were filtered, 612 variant sites remained.
    134231 genomic sites, of which 9587 were covered by multiple loci (7.1%).
Mean genotyped sites per locus: 124.60bp (stderr 0.21).

Population summary statistics (more detail in populations.sumstats_summary.tsv):
  Forest_tundra: 62.477 samples per locus; pi: 0.37513; all/variant/polymorphic sites: 133326/598/590; private alleles: 16
  Shrub_tundra: 53.149 samples per locus; pi: 0.36786; all/variant/polymorphic sites: 131181/569/553; private alleles: 8
Populations is done.
