populations v2.5, executed 2023-03-15 15:32:07 (zlib-1.2.11)
populations -P /home/labvilla/amsip1/Dennis_Clonality_Chapter_II/4_alignment/gstacks_reference_t125_all_235_samples/ -M /home/labvilla/amsip1/Dennis_Clonality_Chapter_II/2_info/3_popmaps/popmap_population_scale_AB.txt --max-obs-het 0 -r 80 --min-maf 0.05 --vcf -fstats --fst-correction --bootstrap-fst --bootstrap-pifis --bootstrap-phist -O /home/labvilla/amsip1/Dennis_Clonality_Chapter_II/6_populations/population_scale_even_AB_habitat/
Locus/sample distributions will be written to '/home/labvilla/amsip1/Dennis_Clonality_Chapter_II/6_populations/population_scale_even_AB_habitat/populations.log.distribs'.
populations parameters selected:
  Percent samples limit per population: 0.8
  Locus Population limit: 1
  Percent samples overall: 0
  Minor allele frequency cutoff: 0.05
  Maximum observed heterozygosity cutoff: 0
  Applying Fst correction: P-value correction.
  Pi/Fis kernel smoothing: off
  Fstats kernel smoothing: off
  Bootstrap resampling: off

Parsing population map...
The population map contained 20 samples, 2 population(s), 1 group(s).
Working on 20 samples.
Working on 2 population(s):
    Forest tundra: JC2789_370-A1, JC2791_375-A1, JC2797_385-A1, JC2878_386_E1, JC2935_375-E1, JC2938_380-E1, JC2943_387-E1, JC2958_378-A5, JC3087_387-A5, 
                   JC3089_389-A5
    Shrub tundra: JC2803_399-A1, JC2805_402-A1, JC2806_407-A1, JC2926_411-A1, JC2931_417-A1, JC2951_411-E1, JC3090_398-A5, JC3212_407-A5, JC3216_415-A5, 
                  JC3218_417-A5
Working on 1 group(s) of populations:
    defaultgrp: Forest tundra, Shrub tundra

SNPs and calls will be written in VCF format to '/home/labvilla/amsip1/Dennis_Clonality_Chapter_II/6_populations/population_scale_even_AB_habitat/populations.snps.vcf'
Haplotypes will be written in VCF format to '/home/labvilla/amsip1/Dennis_Clonality_Chapter_II/6_populations/population_scale_even_AB_habitat/populations.haps.vcf'
Raw haplotypes will be written to '/home/labvilla/amsip1/Dennis_Clonality_Chapter_II/6_populations/population_scale_even_AB_habitat/populations.haplotypes.tsv'
Population-level summary statistics will be written to '/home/labvilla/amsip1/Dennis_Clonality_Chapter_II/6_populations/population_scale_even_AB_habitat/populations.sumstats.tsv'
Population-level haplotype summary statistics will be written to '/home/labvilla/amsip1/Dennis_Clonality_Chapter_II/6_populations/population_scale_even_AB_habitat/populations.hapstats.tsv'

Processing data in batches:
  * load a batch of catalog loci and apply filters
  * compute SNP- and haplotype-wise per-population statistics
  * write the above statistics in the output files
  * export the genotypes/haplotypes in specified format(s)
More details in '/home/labvilla/amsip1/Dennis_Clonality_Chapter_II/6_populations/population_scale_even_AB_habitat/populations.log.distribs'.
Now processing...
scaffold-ABCD-2000494-Niphotrichum_elongatum 
scaffold-ABCD-2001220-Niphotrichum_elongatum 
scaffold-ABCD-2002229-Niphotrichum_elongatum 
scaffold-ABCD-2002556-Niphotrichum_elongatum 
scaffold-ABCD-2002814-Niphotrichum_elongatum 
scaffold-ABCD-2003136-Niphotrichum_elongatum 
scaffold-ABCD-2003312-Niphotrichum_elongatum 
scaffold-ABCD-2003458-Niphotrichum_elongatum 
scaffold-ABCD-2004081-Niphotrichum_elongatum 
scaffold-ABCD-2004490-Niphotrichum_elongatum 
scaffold-ABCD-2004606-Niphotrichum_elongatum 
scaffold-ABCD-2004794-Niphotrichum_elongatum 
scaffold-ABCD-2005285-Niphotrichum_elongatum 
scaffold-ABCD-2005632-Niphotrichum_elongatum 
scaffold-ABCD-2005958-Niphotrichum_elongatum 
scaffold-ABCD-2006223-Niphotrichum_elongatum 
scaffold-ABCD-2006663-Niphotrichum_elongatum 
scaffold-ABCD-2006886-Niphotrichum_elongatum 
scaffold-ABCD-2006940-Niphotrichum_elongatum 
scaffold-ABCD-2007386-Niphotrichum_elongatum 
scaffold-ABCD-2008330-Niphotrichum_elongatum 
scaffold-ABCD-2008367-Niphotrichum_elongatum 
scaffold-ABCD-2008752-Niphotrichum_elongatum 
scaffold-ABCD-2008990-Niphotrichum_elongatum 
scaffold-ABCD-2009146-Niphotrichum_elongatum 
scaffold-ABCD-2009295-Niphotrichum_elongatum 
scaffold-ABCD-2009440-Niphotrichum_elongatum 
scaffold-ABCD-2009476-Niphotrichum_elongatum 
scaffold-ABCD-2009692-Niphotrichum_elongatum 
scaffold-ABCD-2010075-Niphotrichum_elongatum 
scaffold-ABCD-2010376-Niphotrichum_elongatum 
scaffold-ABCD-2010504-Niphotrichum_elongatum 
scaffold-ABCD-2010598-Niphotrichum_elongatum 
scaffold-ABCD-2010736-Niphotrichum_elongatum 
scaffold-ABCD-2010796-Niphotrichum_elongatum 
scaffold-ABCD-2011188-Niphotrichum_elongatum 
scaffold-ABCD-2011333-Niphotrichum_elongatum 
scaffold-ABCD-2011543-Niphotrichum_elongatum 
scaffold-ABCD-2011669-Niphotrichum_elongatum 
scaffold-ABCD-2011774-Niphotrichum_elongatum 
scaffold-ABCD-2011789-Niphotrichum_elongatum 
scaffold-ABCD-2012012-Niphotrichum_elongatum 
scaffold-ABCD-2027150-Niphotrichum_elongatum 
scaffold-ABCD-2029851-Niphotrichum_elongatum 
scaffold-ABCD-2031058-Niphotrichum_elongatum 
scaffold-ABCD-2035019-Niphotrichum_elongatum 
scaffold-ABCD-2036414-Niphotrichum_elongatum 
scaffold-ABCD-2039030-Niphotrichum_elongatum 
scaffold-ABCD-2043282-Niphotrichum_elongatum 
scaffold-ABCD-2044839-Niphotrichum_elongatum 
scaffold-ABCD-2047659-Niphotrichum_elongatum 
scaffold-ABCD-2052855-Niphotrichum_elongatum 
scaffold-ABCD-2054162-Niphotrichum_elongatum 
scaffold-ABCD-2054682-Niphotrichum_elongatum 
scaffold-ABCD-2057601-Niphotrichum_elongatum 
scaffold-ABCD-2058571-Niphotrichum_elongatum 
scaffold-ABCD-2059748-Niphotrichum_elongatum 
scaffold-ABCD-2059998-Niphotrichum_elongatum 
scaffold-ABCD-2062139-Niphotrichum_elongatum 
scaffold-ABCD-2063067-Niphotrichum_elongatum 
scaffold-ABCD-2065289-Niphotrichum_elongatum 
scaffold-ABCD-2065693-Niphotrichum_elongatum 
scaffold-ABCD-2066521-Niphotrichum_elongatum 
scaffold-ABCD-2066972-Niphotrichum_elongatum 
scaffold-ABCD-2067255-Niphotrichum_elongatum 
scaffold-ABCD-2067699-Niphotrichum_elongatum 
scaffold-ABCD-2067751-Niphotrichum_elongatum 
scaffold-ABCD-2067795-Niphotrichum_elongatum 
scaffold-ABCD-2068328-Niphotrichum_elongatum 
scaffold-ABCD-2069393-Niphotrichum_elongatum 
scaffold-ABCD-2069700-Niphotrichum_elongatum 
scaffold-ABCD-2070923-Niphotrichum_elongatum 
scaffold-ABCD-2071347-Niphotrichum_elongatum 
scaffold-ABCD-2071686-Niphotrichum_elongatum 
scaffold-ABCD-2072259-Niphotrichum_elongatum 
scaffold-ABCD-2072541-Niphotrichum_elongatum 
scaffold-ABCD-2072754-Niphotrichum_elongatum 
scaffold-ABCD-2072817-Niphotrichum_elongatum 
scaffold-ABCD-2073094-Niphotrichum_elongatum 
scaffold-ABCD-2073225-Niphotrichum_elongatum 
scaffold-ABCD-2073390-Niphotrichum_elongatum 
scaffold-ABCD-2073434-Niphotrichum_elongatum 
scaffold-ABCD-2073540-Niphotrichum_elongatum 
scaffold-ABCD-2073934-Niphotrichum_elongatum 
scaffold-ABCD-2074025-Niphotrichum_elongatum 
scaffold-ABCD-2074164-Niphotrichum_elongatum 
scaffold-ABCD-2074392-Niphotrichum_elongatum 
scaffold-ABCD-2074633-Niphotrichum_elongatum 
scaffold-ABCD-2075058-Niphotrichum_elongatum 
scaffold-ABCD-2075123-Niphotrichum_elongatum 
scaffold-ABCD-2075623-Niphotrichum_elongatum 
scaffold-ABCD-2075674-Niphotrichum_elongatum 
scaffold-ABCD-2075766-Niphotrichum_elongatum 
scaffold-ABCD-2075849-Niphotrichum_elongatum 
scaffold-ABCD-2075877-Niphotrichum_elongatum 
scaffold-ABCD-2076079-Niphotrichum_elongatum 
scaffold-ABCD-2076152-Niphotrichum_elongatum 
scaffold-ABCD-2076306-Niphotrichum_elongatum 
scaffold-ABCD-2076487-Niphotrichum_elongatum 
scaffold-ABCD-2076595-Niphotrichum_elongatum 
scaffold-ABCD-2076780-Niphotrichum_elongatum 
scaffold-ABCD-2077068-Niphotrichum_elongatum 
scaffold-ABCD-2077211-Niphotrichum_elongatum 
scaffold-ABCD-2077267-Niphotrichum_elongatum 
scaffold-ABCD-2077378-Niphotrichum_elongatum 
scaffold-ABCD-2077390-Niphotrichum_elongatum 
scaffold-ABCD-2077689-Niphotrichum_elongatum 
scaffold-ABCD-2077726-Niphotrichum_elongatum 
scaffold-ABCD-2077935-Niphotrichum_elongatum 
scaffold-ABCD-2078043-Niphotrichum_elongatum 
scaffold-ABCD-2078192-Niphotrichum_elongatum 
scaffold-ABCD-2078236-Niphotrichum_elongatum 
scaffold-ABCD-2078239-Niphotrichum_elongatum 
scaffold-ABCD-2078280-Niphotrichum_elongatum 
scaffold-ABCD-2078461-Niphotrichum_elongatum 
scaffold-ABCD-2078533-Niphotrichum_elongatum 
scaffold-RDOO-2000004-Racomitrium_varium 
scaffold-RDOO-2000140-Racomitrium_varium 
scaffold-RDOO-2000256-Racomitrium_varium 
scaffold-RDOO-2000450-Racomitrium_varium 
scaffold-RDOO-2000614-Racomitrium_varium 
scaffold-RDOO-2000795-Racomitrium_varium 
scaffold-RDOO-2001051-Racomitrium_varium 
scaffold-RDOO-2001105-Racomitrium_varium 
scaffold-RDOO-2001187-Racomitrium_varium 
scaffold-RDOO-2001296-Racomitrium_varium 
scaffold-RDOO-2001418-Racomitrium_varium 
scaffold-RDOO-2001479-Racomitrium_varium 
scaffold-RDOO-2001774-Racomitrium_varium 
scaffold-RDOO-2001830-Racomitrium_varium 
scaffold-RDOO-2001900-Racomitrium_varium 
scaffold-RDOO-2001978-Racomitrium_varium 
scaffold-RDOO-2002059-Racomitrium_varium 
scaffold-RDOO-2002144-Racomitrium_varium 
scaffold-RDOO-2002157-Racomitrium_varium 
scaffold-RDOO-2002339-Racomitrium_varium 
scaffold-RDOO-2002428-Racomitrium_varium 
scaffold-RDOO-2002479-Racomitrium_varium 
scaffold-RDOO-2002730-Racomitrium_varium 
scaffold-RDOO-2002842-Racomitrium_varium 
scaffold-RDOO-2003073-Racomitrium_varium 
scaffold-RDOO-2003096-Racomitrium_varium 
scaffold-RDOO-2003107-Racomitrium_varium 
scaffold-RDOO-2003208-Racomitrium_varium 
scaffold-RDOO-2003320-Racomitrium_varium 
scaffold-RDOO-2003595-Racomitrium_varium 
scaffold-RDOO-2003820-Racomitrium_varium 
scaffold-RDOO-2003898-Racomitrium_varium 
scaffold-RDOO-2004048-Racomitrium_varium 
scaffold-RDOO-2004116-Racomitrium_varium 
scaffold-RDOO-2004337-Racomitrium_varium 
scaffold-RDOO-2004477-Racomitrium_varium 
scaffold-RDOO-2004830-Racomitrium_varium 
scaffold-RDOO-2004977-Racomitrium_varium 
scaffold-RDOO-2005074-Racomitrium_varium 
scaffold-RDOO-2005103-Racomitrium_varium 
scaffold-RDOO-2005229-Racomitrium_varium 
scaffold-RDOO-2005342-Racomitrium_varium 
scaffold-RDOO-2005398-Racomitrium_varium 
scaffold-RDOO-2005492-Racomitrium_varium 
scaffold-RDOO-2005576-Racomitrium_varium 
scaffold-RDOO-2005623-Racomitrium_varium 
scaffold-RDOO-2005703-Racomitrium_varium 
scaffold-RDOO-2005732-Racomitrium_varium 
scaffold-RDOO-2005835-Racomitrium_varium 
scaffold-RDOO-2005916-Racomitrium_varium 
scaffold-RDOO-2005957-Racomitrium_varium 
scaffold-RDOO-2006062-Racomitrium_varium 
scaffold-RDOO-2006131-Racomitrium_varium 
scaffold-RDOO-2006270-Racomitrium_varium 
scaffold-RDOO-2006356-Racomitrium_varium 
scaffold-RDOO-2006511-Racomitrium_varium 
scaffold-RDOO-2006529-Racomitrium_varium 
scaffold-RDOO-2006663-Racomitrium_varium 
scaffold-RDOO-2006886-Racomitrium_varium 
scaffold-RDOO-2006935-Racomitrium_varium 
scaffold-RDOO-2007009-Racomitrium_varium 
scaffold-RDOO-2007067-Racomitrium_varium 
scaffold-RDOO-2007205-Racomitrium_varium 
scaffold-RDOO-2007335-Racomitrium_varium 
scaffold-RDOO-2007404-Racomitrium_varium 
scaffold-RDOO-2007446-Racomitrium_varium 
scaffold-RDOO-2007741-Racomitrium_varium 
scaffold-RDOO-2007859-Racomitrium_varium 
scaffold-RDOO-2007987-Racomitrium_varium 
scaffold-RDOO-2008050-Racomitrium_varium 
scaffold-RDOO-2008170-Racomitrium_varium 
scaffold-RDOO-2008349-Racomitrium_varium 
scaffold-RDOO-2008625-Racomitrium_varium 
scaffold-RDOO-2008708-Racomitrium_varium 
scaffold-RDOO-2008783-Racomitrium_varium 
scaffold-RDOO-2008895-Racomitrium_varium 
scaffold-RDOO-2008913-Racomitrium_varium 
scaffold-RDOO-2009057-Racomitrium_varium 
scaffold-RDOO-2009146-Racomitrium_varium 
scaffold-RDOO-2009239-Racomitrium_varium 
scaffold-RDOO-2009261-Racomitrium_varium 
scaffold-RDOO-2009480-Racomitrium_varium 
scaffold-RDOO-2009637-Racomitrium_varium 
scaffold-RDOO-2009771-Racomitrium_varium 
scaffold-RDOO-2009986-Racomitrium_varium 
scaffold-RDOO-2010019-Racomitrium_varium 
scaffold-RDOO-2010110-Racomitrium_varium 
scaffold-RDOO-2010337-Racomitrium_varium 
scaffold-RDOO-2010594-Racomitrium_varium 
scaffold-RDOO-2010747-Racomitrium_varium 
scaffold-RDOO-2010772-Racomitrium_varium 
scaffold-RDOO-2010825-Racomitrium_varium 
scaffold-RDOO-2010917-Racomitrium_varium 
scaffold-RDOO-2010931-Racomitrium_varium 
scaffold-RDOO-2010957-Racomitrium_varium 
scaffold-RDOO-2011131-Racomitrium_varium 
scaffold-RDOO-2011175-Racomitrium_varium 
scaffold-RDOO-2011210-Racomitrium_varium 
scaffold-RDOO-2011234-Racomitrium_varium 
scaffold-RDOO-2011279-Racomitrium_varium 
scaffold-RDOO-2011358-Racomitrium_varium 
scaffold-RDOO-2011378-Racomitrium_varium 
scaffold-RDOO-2011412-Racomitrium_varium 
scaffold-RDOO-2011416-Racomitrium_varium 
scaffold-RDOO-2011466-Racomitrium_varium 
scaffold-RDOO-2011493-Racomitrium_varium 
scaffold-RDOO-2011563-Racomitrium_varium 
scaffold-RDOO-2011809-Racomitrium_varium 
scaffold-RDOO-2011864-Racomitrium_varium 
scaffold-RDOO-2011910-Racomitrium_varium 
scaffold-RDOO-2012066-Racomitrium_varium 
scaffold-RDOO-2012081-Racomitrium_varium 
scaffold-RDOO-2012148-Racomitrium_varium 
scaffold-RDOO-2012182-Racomitrium_varium 
scaffold-RDOO-2012307-Racomitrium_varium 
scaffold-RDOO-2012319-Racomitrium_varium 
scaffold-RDOO-2012481-Racomitrium_varium 
scaffold-RDOO-2012510-Racomitrium_varium 
scaffold-RDOO-2012676-Racomitrium_varium 
scaffold-RDOO-2012687-Racomitrium_varium 
scaffold-RDOO-2012749-Racomitrium_varium 
scaffold-RDOO-2012811-Racomitrium_varium 
scaffold-RDOO-2012836-Racomitrium_varium 
scaffold-RDOO-2012979-Racomitrium_varium 
scaffold-RDOO-2013047-Racomitrium_varium 
scaffold-RDOO-2013208-Racomitrium_varium 
scaffold-RDOO-2013218-Racomitrium_varium 
scaffold-RDOO-2013289-Racomitrium_varium 
scaffold-RDOO-2013312-Racomitrium_varium 
scaffold-RDOO-2013346-Racomitrium_varium 
scaffold-RDOO-2013393-Racomitrium_varium 
scaffold-RDOO-2013566-Racomitrium_varium 
scaffold-RDOO-2013591-Racomitrium_varium 
scaffold-RDOO-2013647-Racomitrium_varium 
scaffold-RDOO-2013702-Racomitrium_varium 
scaffold-RDOO-2013738-Racomitrium_varium 
scaffold-RDOO-2013793-Racomitrium_varium 
scaffold-RDOO-2013865-Racomitrium_varium 
scaffold-RDOO-2013923-Racomitrium_varium 
scaffold-RDOO-2013966-Racomitrium_varium 
scaffold-RDOO-2014076-Racomitrium_varium 
scaffold-RDOO-2014138-Racomitrium_varium 
scaffold-RDOO-2014176-Racomitrium_varium 
scaffold-RDOO-2014185-Racomitrium_varium 
scaffold-RDOO-2014217-Racomitrium_varium 
scaffold-RDOO-2014259-Racomitrium_varium 
scaffold-RDOO-2014291-Racomitrium_varium 
scaffold-RDOO-2014323-Racomitrium_varium 
scaffold-RDOO-2014384-Racomitrium_varium 
scaffold-RDOO-2014401-Racomitrium_varium 
scaffold-RDOO-2014440-Racomitrium_varium 
scaffold-RDOO-2014567-Racomitrium_varium 
scaffold-RDOO-2014709-Racomitrium_varium 
scaffold-RDOO-2014804-Racomitrium_varium 
scaffold-RDOO-2014936-Racomitrium_varium 
scaffold-RDOO-2014942-Racomitrium_varium 
scaffold-RDOO-2015008-Racomitrium_varium 
scaffold-RDOO-2015083-Racomitrium_varium 
scaffold-RDOO-2015149-Racomitrium_varium 
scaffold-RDOO-2015170-Racomitrium_varium 
scaffold-RDOO-2015244-Racomitrium_varium 
scaffold-RDOO-2015267-Racomitrium_varium 
scaffold-RDOO-2015355-Racomitrium_varium 
scaffold-RDOO-2015388-Racomitrium_varium 
scaffold-RDOO-2015422-Racomitrium_varium 
scaffold-RDOO-2015449-Racomitrium_varium 
scaffold-RDOO-2015500-Racomitrium_varium 
scaffold-RDOO-2015544-Racomitrium_varium 
scaffold-RDOO-2015584-Racomitrium_varium 
scaffold-RDOO-2015591-Racomitrium_varium 
scaffold-RDOO-2015701-Racomitrium_varium 
scaffold-RDOO-2015885-Racomitrium_varium 
scaffold-RDOO-2015934-Racomitrium_varium 
scaffold-RDOO-2016028-Racomitrium_varium 
scaffold-RDOO-2016134-Racomitrium_varium 
scaffold-RDOO-2016160-Racomitrium_varium 
scaffold-RDOO-2016170-Racomitrium_varium 
scaffold-RDOO-2016185-Racomitrium_varium 
scaffold-RDOO-2016222-Racomitrium_varium 
scaffold-RDOO-2016281-Racomitrium_varium 
scaffold-RDOO-2016313-Racomitrium_varium 
scaffold-RDOO-2016326-Racomitrium_varium 
scaffold-RDOO-2016352-Racomitrium_varium 
scaffold-RDOO-2016365-Racomitrium_varium 
scaffold-RDOO-2016408-Racomitrium_varium 
scaffold-RDOO-2016487-Racomitrium_varium 
scaffold-RDOO-2016534-Racomitrium_varium 
scaffold-RDOO-2016568-Racomitrium_varium 
scaffold-RDOO-2016603-Racomitrium_varium 
scaffold-RDOO-2016635-Racomitrium_varium 
scaffold-RDOO-2016727-Racomitrium_varium 
scaffold-RDOO-2016790-Racomitrium_varium 
scaffold-RDOO-2016850-Racomitrium_varium 
scaffold-RDOO-2016895-Racomitrium_varium 
scaffold-RDOO-2016937-Racomitrium_varium 
scaffold-RDOO-2016985-Racomitrium_varium 
scaffold-RDOO-2017043-Racomitrium_varium 
scaffold-RDOO-2017084-Racomitrium_varium 
scaffold-RDOO-2017124-Racomitrium_varium 
scaffold-RDOO-2017158-Racomitrium_varium 
scaffold-RDOO-2017208-Racomitrium_varium 
scaffold-RDOO-2017278-Racomitrium_varium 
scaffold-RDOO-2017307-Racomitrium_varium 
scaffold-RDOO-2017391-Racomitrium_varium 
scaffold-RDOO-2017420-Racomitrium_varium 
scaffold-RDOO-2017503-Racomitrium_varium 
scaffold-RDOO-2017544-Racomitrium_varium 
scaffold-RDOO-2017571-Racomitrium_varium 
scaffold-RDOO-2017680-Racomitrium_varium 
scaffold-RDOO-2017734-Racomitrium_varium 
scaffold-RDOO-2017818-Racomitrium_varium 
scaffold-RDOO-2017852-Racomitrium_varium 
scaffold-RDOO-2017868-Racomitrium_varium 
scaffold-RDOO-2017887-Racomitrium_varium 
scaffold-RDOO-2017952-Racomitrium_varium 
scaffold-RDOO-2018039-Racomitrium_varium 
scaffold-RDOO-2018047-Racomitrium_varium 
scaffold-RDOO-2018085-Racomitrium_varium 
scaffold-RDOO-2018094-Racomitrium_varium 
scaffold-RDOO-2018111-Racomitrium_varium 
scaffold-RDOO-2018157-Racomitrium_varium 
scaffold-RDOO-2018221-Racomitrium_varium 
scaffold-RDOO-2018250-Racomitrium_varium 
scaffold-RDOO-2018288-Racomitrium_varium 
scaffold-RDOO-2018318-Racomitrium_varium 
scaffold-RDOO-2018335-Racomitrium_varium 
scaffold-RDOO-2018376-Racomitrium_varium 
scaffold-RDOO-2018396-Racomitrium_varium 
scaffold-RDOO-2018441-Racomitrium_varium 
scaffold-RDOO-2018488-Racomitrium_varium 
scaffold-RDOO-2018497-Racomitrium_varium 
scaffold-RDOO-2018570-Racomitrium_varium 
scaffold-RDOO-2018599-Racomitrium_varium 
scaffold-RDOO-2018617-Racomitrium_varium 
scaffold-RDOO-2018645-Racomitrium_varium 
scaffold-RDOO-2018657-Racomitrium_varium 
scaffold-RDOO-2018709-Racomitrium_varium 
scaffold-RDOO-2018749-Racomitrium_varium 
scaffold-RDOO-2018805-Racomitrium_varium 
scaffold-RDOO-2018933-Racomitrium_varium 
scaffold-RDOO-2018942-Racomitrium_varium 
scaffold-RDOO-2018955-Racomitrium_varium 
scaffold-RDOO-2019031-Racomitrium_varium 
scaffold-RDOO-2019085-Racomitrium_varium 
scaffold-RDOO-2019116-Racomitrium_varium 
scaffold-RDOO-2019161-Racomitrium_varium 
scaffold-RDOO-2019173-Racomitrium_varium 
scaffold-RDOO-2019231-Racomitrium_varium 
scaffold-RDOO-2019259-Racomitrium_varium 
scaffold-RDOO-2019269-Racomitrium_varium 
scaffold-RDOO-2019314-Racomitrium_varium 
scaffold-RDOO-2019333-Racomitrium_varium 
scaffold-RDOO-2019354-Racomitrium_varium 
scaffold-RDOO-2019396-Racomitrium_varium 
scaffold-RDOO-2019423-Racomitrium_varium 
scaffold-RDOO-2019490-Racomitrium_varium 
scaffold-RDOO-2019517-Racomitrium_varium 
scaffold-RDOO-2019552-Racomitrium_varium 
scaffold-RDOO-2019652-Racomitrium_varium 
scaffold-RDOO-2019687-Racomitrium_varium 
scaffold-RDOO-2019694-Racomitrium_varium 
scaffold-RDOO-2019731-Racomitrium_varium 
scaffold-RDOO-2019760-Racomitrium_varium 
scaffold-RDOO-2019784-Racomitrium_varium 
scaffold-RDOO-2019797-Racomitrium_varium 
scaffold-RDOO-2019811-Racomitrium_varium 
scaffold-RDOO-2019817-Racomitrium_varium 
scaffold-RDOO-2019851-Racomitrium_varium 
scaffold-RDOO-2019881-Racomitrium_varium 
scaffold-RDOO-2019938-Racomitrium_varium 
scaffold-RDOO-2019965-Racomitrium_varium 
scaffold-RDOO-2019967-Racomitrium_varium 
scaffold-RDOO-2020012-Racomitrium_varium 
scaffold-RDOO-2020027-Racomitrium_varium 
scaffold-RDOO-2020098-Racomitrium_varium 
scaffold-RDOO-2020150-Racomitrium_varium 
scaffold-RDOO-2020175-Racomitrium_varium 
scaffold-RDOO-2020176-Racomitrium_varium 
scaffold-RDOO-2020201-Racomitrium_varium 
scaffold-RDOO-2020208-Racomitrium_varium 
scaffold-RDOO-2020227-Racomitrium_varium 
scaffold-RDOO-2020308-Racomitrium_varium 
scaffold-RDOO-2020333-Racomitrium_varium 
scaffold-RDOO-2020339-Racomitrium_varium 
scaffold-RDOO-2020362-Racomitrium_varium 
scaffold-RDOO-2020392-Racomitrium_varium 
scaffold-RDOO-2020396-Racomitrium_varium 
scaffold-RDOO-2020432-Racomitrium_varium 
scaffold-RDOO-2020465-Racomitrium_varium 
scaffold-RDOO-2020479-Racomitrium_varium 
scaffold-RDOO-2020485-Racomitrium_varium 
scaffold-RDOO-2020490-Racomitrium_varium 
scaffold-RDOO-2020493-Racomitrium_varium 
scaffold-RDOO-2020495-Racomitrium_varium 
scaffold-RDOO-2042334-Racomitrium_varium 
scaffold-RDOO-2045967-Racomitrium_varium 
scaffold-RDOO-2051993-Racomitrium_varium 
scaffold-RDOO-2060880-Racomitrium_varium 
scaffold-RDOO-2064822-Racomitrium_varium 
scaffold-RDOO-2066851-Racomitrium_varium 
scaffold-RDOO-2068681-Racomitrium_varium 
scaffold-RDOO-2069944-Racomitrium_varium 
scaffold-RDOO-2073149-Racomitrium_varium 
scaffold-RDOO-2074971-Racomitrium_varium 
scaffold-RDOO-2077852-Racomitrium_varium 
scaffold-RDOO-2079507-Racomitrium_varium 
scaffold-RDOO-2081550-Racomitrium_varium 
scaffold-RDOO-2085038-Racomitrium_varium 
scaffold-RDOO-2089772-Racomitrium_varium 
scaffold-RDOO-2090446-Racomitrium_varium 
scaffold-RDOO-2091607-Racomitrium_varium 
scaffold-RDOO-2091847-Racomitrium_varium 
scaffold-RDOO-2092838-Racomitrium_varium 
scaffold-RDOO-2094570-Racomitrium_varium 
scaffold-RDOO-2095285-Racomitrium_varium 
scaffold-RDOO-2097290-Racomitrium_varium 
scaffold-RDOO-2097918-Racomitrium_varium 
scaffold-RDOO-2098453-Racomitrium_varium 
scaffold-RDOO-2098718-Racomitrium_varium 
scaffold-RDOO-2098796-Racomitrium_varium 
scaffold-RDOO-2099171-Racomitrium_varium 
scaffold-RDOO-2099679-Racomitrium_varium 
scaffold-RDOO-2100556-Racomitrium_varium 
scaffold-RDOO-2102165-Racomitrium_varium 
scaffold-RDOO-2102420-Racomitrium_varium 
scaffold-RDOO-2103350-Racomitrium_varium 
scaffold-RDOO-2103729-Racomitrium_varium 
scaffold-RDOO-2104086-Racomitrium_varium 
scaffold-RDOO-2104791-Racomitrium_varium 
scaffold-RDOO-2105136-Racomitrium_varium 
scaffold-RDOO-2105561-Racomitrium_varium 
scaffold-RDOO-2106277-Racomitrium_varium 
scaffold-RDOO-2106424-Racomitrium_varium 
scaffold-RDOO-2106814-Racomitrium_varium 
scaffold-RDOO-2107142-Racomitrium_varium 
scaffold-RDOO-2107809-Racomitrium_varium 
scaffold-RDOO-2108014-Racomitrium_varium 
scaffold-RDOO-2108175-Racomitrium_varium 
scaffold-RDOO-2108470-Racomitrium_varium 
scaffold-RDOO-2108588-Racomitrium_varium 
scaffold-RDOO-2109274-Racomitrium_varium 
scaffold-RDOO-2109356-Racomitrium_varium 
scaffold-RDOO-2109575-Racomitrium_varium 
scaffold-RDOO-2109693-Racomitrium_varium 
scaffold-RDOO-2109796-Racomitrium_varium 
scaffold-RDOO-2109875-Racomitrium_varium 
scaffold-RDOO-2110177-Racomitrium_varium 
scaffold-RDOO-2110191-Racomitrium_varium 
scaffold-RDOO-2110558-Racomitrium_varium 
scaffold-RDOO-2110783-Racomitrium_varium 
scaffold-RDOO-2111065-Racomitrium_varium 
scaffold-RDOO-2111314-Racomitrium_varium 
scaffold-RDOO-2111674-Racomitrium_varium 
scaffold-RDOO-2111745-Racomitrium_varium 
scaffold-RDOO-2112057-Racomitrium_varium 
scaffold-RDOO-2112663-Racomitrium_varium 
scaffold-RDOO-2112749-Racomitrium_varium 
scaffold-RDOO-2113077-Racomitrium_varium 
scaffold-RDOO-2113284-Racomitrium_varium 
scaffold-RDOO-2113396-Racomitrium_varium 
scaffold-RDOO-2113594-Racomitrium_varium 
scaffold-RDOO-2113786-Racomitrium_varium 
scaffold-RDOO-2113833-Racomitrium_varium 
scaffold-RDOO-2113928-Racomitrium_varium 
scaffold-RDOO-2114067-Racomitrium_varium 
scaffold-RDOO-2114166-Racomitrium_varium 
scaffold-RDOO-2114287-Racomitrium_varium 
scaffold-RDOO-2114312-Racomitrium_varium 
scaffold-RDOO-2114355-Racomitrium_varium 
scaffold-RDOO-2114471-Racomitrium_varium 
scaffold-RDOO-2114481-Racomitrium_varium 
scaffold-RDOO-2114556-Racomitrium_varium 
scaffold-RDOO-2114781-Racomitrium_varium 
scaffold-RDOO-2114854-Racomitrium_varium 
scaffold-RDOO-2115010-Racomitrium_varium 
scaffold-RDOO-2115294-Racomitrium_varium 
scaffold-RDOO-2115480-Racomitrium_varium 
scaffold-RDOO-2115691-Racomitrium_varium 
scaffold-RDOO-2115751-Racomitrium_varium 
scaffold-RDOO-2115801-Racomitrium_varium 
scaffold-RDOO-2115851-Racomitrium_varium 
scaffold-RDOO-2116005-Racomitrium_varium 
scaffold-RDOO-2116158-Racomitrium_varium 
scaffold-RDOO-2116191-Racomitrium_varium 
scaffold-RDOO-2116341-Racomitrium_varium 
scaffold-RDOO-2116424-Racomitrium_varium 
scaffold-RDOO-2116473-Racomitrium_varium 
scaffold-RDOO-2116626-Racomitrium_varium 
scaffold-RDOO-2116732-Racomitrium_varium 
scaffold-RDOO-2116762-Racomitrium_varium 
scaffold-RDOO-2116830-Racomitrium_varium 
scaffold-RDOO-2116857-Racomitrium_varium 
scaffold-RDOO-2116877-Racomitrium_varium 
scaffold-RDOO-2117007-Racomitrium_varium 
scaffold-RDOO-2117125-Racomitrium_varium 
scaffold-RDOO-2117192-Racomitrium_varium 
scaffold-RDOO-2117297-Racomitrium_varium 
scaffold-RDOO-2117395-Racomitrium_varium 
scaffold-RDOO-2117481-Racomitrium_varium 
scaffold-RDOO-2117629-Racomitrium_varium 
scaffold-RDOO-2117648-Racomitrium_varium 
scaffold-RDOO-2117703-Racomitrium_varium 
scaffold-RDOO-2117731-Racomitrium_varium 
scaffold-RDOO-2117759-Racomitrium_varium 
scaffold-RDOO-2117823-Racomitrium_varium 
scaffold-RDOO-2117925-Racomitrium_varium 
scaffold-RDOO-2117970-Racomitrium_varium 
scaffold-RDOO-2118022-Racomitrium_varium 
scaffold-RDOO-2118071-Racomitrium_varium 
scaffold-RDOO-2118119-Racomitrium_varium 
scaffold-RDOO-2118219-Racomitrium_varium 
scaffold-RDOO-2118303-Racomitrium_varium 
scaffold-RDOO-2118344-Racomitrium_varium 
scaffold-RDOO-2118369-Racomitrium_varium 
scaffold-RDOO-2118408-Racomitrium_varium 
scaffold-RDOO-2118428-Racomitrium_varium 
scaffold-RDOO-2118499-Racomitrium_varium 
scaffold-RDOO-2118605-Racomitrium_varium 
scaffold-RDOO-2118672-Racomitrium_varium 
scaffold-RDOO-2118732-Racomitrium_varium 
scaffold-RDOO-2118851-Racomitrium_varium 
scaffold-RDOO-2118864-Racomitrium_varium 
scaffold-RDOO-2118873-Racomitrium_varium 
scaffold-RDOO-2118894-Racomitrium_varium 
scaffold-RDOO-2118924-Racomitrium_varium 
scaffold-RDOO-2118995-Racomitrium_varium 
scaffold-RDOO-2118999-Racomitrium_varium 
scaffold-RDOO-2119049-Racomitrium_varium 
scaffold-RDOO-2119055-Racomitrium_varium 
scaffold-RDOO-2119093-Racomitrium_varium 
scaffold-RDOO-2119119-Racomitrium_varium 
scaffold-RDOO-2119137-Racomitrium_varium 
scaffold-RDOO-2119143-Racomitrium_varium 
scaffold-RDOO-2119212-Racomitrium_varium 
scaffold-RDOO-2119279-Racomitrium_varium 
scaffold-RDOO-2119296-Racomitrium_varium 
scaffold-RDOO-2119326-Racomitrium_varium 
scaffold-RDOO-2119374-Racomitrium_varium 
scaffold-RDOO-2119424-Racomitrium_varium 
scaffold-RDOO-2119438-Racomitrium_varium 
scaffold-RDOO-2119486-Racomitrium_varium 
scaffold-RDOO-2119498-Racomitrium_varium 
scaffold-RDOO-2119532-Racomitrium_varium 
scaffold-RDOO-2119541-Racomitrium_varium 
scaffold-RDOO-2119558-Racomitrium_varium 
scaffold-RDOO-2119590-Racomitrium_varium 
scaffold-RDOO-2119630-Racomitrium_varium 
scaffold-RDOO-2119646-Racomitrium_varium 
scaffold-RDOO-2119656-Racomitrium_varium 
scaffold-RDOO-2119676-Racomitrium_varium 
scaffold-RDOO-2119682-Racomitrium_varium 
scaffold-RDOO-2119689-Racomitrium_varium 
scaffold-RDOO-2119711-Racomitrium_varium 
scaffold-RDOO-2119739-Racomitrium_varium 
scaffold-RDOO-2119747-Racomitrium_varium 
scaffold-RDOO-2119766-Racomitrium_varium 
scaffold-RDOO-2119776-Racomitrium_varium 
scaffold-RDOO-2119783-Racomitrium_varium 
scaffold-RDOO-2119790-Racomitrium_varium 
scaffold-RDOO-2119798-Racomitrium_varium 
scaffold-RDOO-2119817-Racomitrium_varium 
scaffold-RDOO-2119820-Racomitrium_varium 
scaffold-RDOO-2119822-Racomitrium_varium 
scaffold-RDOO-2119834-Racomitrium_varium 
scaffold-RDOO-2119845-Racomitrium_varium 
scaffold-RDOO-2119851-Racomitrium_varium 
scaffold-RDOO-2119900-Racomitrium_varium 
scaffold-RDOO-2119909-Racomitrium_varium 
scaffold-RDOO-2119921-Racomitrium_varium 
scaffold-RDOO-2119932-Racomitrium_varium 
scaffold-RDOO-2119945-Racomitrium_varium 
scaffold-RDOO-2119949-Racomitrium_varium 
scaffold-RDOO-2119951-Racomitrium_varium 
scaffold-RDOO-2119958-Racomitrium_varium 
 

Removed 11373 loci that did not pass sample/population constraints from 12604 loci.
Kept 1231 loci, composed of 155167 sites; 447 of those sites were filtered, 481 variant sites remained.
    143930 genomic sites, of which 11135 were covered by multiple loci (7.7%).
Mean genotyped sites per locus: 125.98bp (stderr 0.20).

Population summary statistics (more detail in populations.sumstats_summary.tsv):
  Forest tundra: 9.7812 samples per locus; pi: 0.2605; all/variant/polymorphic sites: 153452/480/361; private alleles: 49
  Shrub tundra: 9.2237 samples per locus; pi: 0.30906; all/variant/polymorphic sites: 117758/380/331; private alleles: 119
Populations is done.
